2024-03-03 00:12:25,153 - INFO - ***************************************************************************
2024-03-03 00:12:25,154 - INFO - Params loaded from file 'config/common_params.json'.
2024-03-03 00:12:25,807 - INFO - ***************************************************************************
2024-03-03 00:12:25,808 - INFO - Params loaded from file 'config/common_params.json'.
2024-03-03 00:12:26,690 - INFO - ***************************************************************************
2024-03-03 00:12:26,691 - INFO - Params loaded from file 'config/common_params.json'.
2024-03-03 00:12:27,523 - INFO - ***************************************************************************
2024-03-03 00:12:27,523 - INFO - Params loaded from file 'config/common_params.json'.
2024-03-03 00:12:28,252 - INFO - ***************************************************************************
2024-03-03 00:12:28,252 - INFO - Params loaded from file 'config/common_params.json'.
2024-03-03 00:12:28,866 - INFO - ***************************************************************************
2024-03-03 00:12:28,866 - INFO - Params loaded from file 'config/common_params.json'.
2024-03-03 00:12:29,696 - INFO - ***************************************************************************
2024-03-03 00:12:29,697 - INFO - Params loaded from file 'config/common_params.json'.
2024-03-03 00:12:30,307 - INFO - ***************************************************************************
2024-03-03 00:12:30,307 - INFO - Params loaded from file 'config/common_params.json'.
2024-03-03 00:12:30,970 - INFO - ***************************************************************************
2024-03-03 00:12:30,971 - INFO - Params loaded from file 'config/common_params.json'.
2024-03-03 00:12:31,734 - INFO - ***************************************************************************
2024-03-03 00:12:31,734 - INFO - Params loaded from file 'config/common_params.json'.
2024-03-03 00:12:32,444 - INFO - ***************************************************************************
2024-03-03 00:12:32,444 - INFO - Params loaded from file 'config/common_params.json'.
2024-03-03 00:12:33,156 - INFO - ***************************************************************************
2024-03-03 00:12:33,156 - INFO - Params loaded from file 'config/common_params.json'.
2024-03-03 00:12:33,813 - INFO - ***************************************************************************
2024-03-03 00:12:33,813 - INFO - Params loaded from file 'config/common_params.json'.
2024-03-03 00:12:34,458 - INFO - ***************************************************************************
2024-03-03 00:12:34,458 - INFO - Params loaded from file 'config/common_params.json'.
2024-03-03 00:12:34,953 - INFO - ***************************************************************************
2024-03-03 00:12:34,953 - INFO - Params loaded from file 'config/common_params.json'.
2024-03-03 00:12:35,459 - INFO - ***************************************************************************
2024-03-03 00:12:35,460 - INFO - Params loaded from file 'config/common_params.json'.
2024-03-03 00:12:48,164 - INFO - ***************************************************************************
2024-03-03 00:12:48,164 - INFO - Params loaded from file 'config/common_params.json'.
2024-03-03 00:12:49,954 - INFO - Gathering history candles data...
2024-03-03 00:12:52,588 - INFO - ***************************************************************************
2024-03-03 00:12:52,588 - INFO - Params loaded from file 'config/common_params.json'.
2024-03-03 00:12:53,225 - INFO - ***************************************************************************
2024-03-03 00:12:53,225 - INFO - Params loaded from file 'config/common_params.json'.
2024-03-03 00:12:53,839 - INFO - ***************************************************************************
2024-03-03 00:12:53,840 - INFO - Params loaded from file 'config/common_params.json'.
2024-03-03 00:12:54,459 - INFO - ***************************************************************************
2024-03-03 00:12:54,459 - INFO - Params loaded from file 'config/common_params.json'.
2024-03-03 00:12:55,137 - INFO - ***************************************************************************
2024-03-03 00:12:55,137 - INFO - Params loaded from file 'config/common_params.json'.
2024-03-03 00:12:55,877 - INFO - ***************************************************************************
2024-03-03 00:12:55,877 - INFO - Params loaded from file 'config/common_params.json'.
2024-03-03 00:12:56,442 - INFO - ***************************************************************************
2024-03-03 00:12:56,442 - INFO - Params loaded from file 'config/common_params.json'.
2024-03-03 00:12:57,120 - INFO - ***************************************************************************
2024-03-03 00:12:57,120 - INFO - Params loaded from file 'config/common_params.json'.
2024-03-03 00:12:57,668 - INFO - ***************************************************************************
2024-03-03 00:12:57,668 - INFO - Params loaded from file 'config/common_params.json'.
2024-03-03 00:12:58,358 - INFO - ***************************************************************************
2024-03-03 00:12:58,358 - INFO - Params loaded from file 'config/common_params.json'.
2024-03-03 00:12:58,977 - INFO - ***************************************************************************
2024-03-03 00:12:58,977 - INFO - Params loaded from file 'config/common_params.json'.
2024-03-03 00:12:59,922 - INFO - ***************************************************************************
2024-03-03 00:12:59,922 - INFO - Params loaded from file 'config/common_params.json'.
2024-03-03 00:13:00,771 - INFO - ***************************************************************************
2024-03-03 00:13:00,771 - INFO - Params loaded from file 'config/common_params.json'.
2024-03-03 00:13:01,764 - INFO - ***************************************************************************
2024-03-03 00:13:01,764 - INFO - Params loaded from file 'config/common_params.json'.
2024-03-03 00:13:01,962 - INFO - ***************************************************************************
2024-03-03 00:13:01,962 - INFO - Params loaded from file 'config/common_params.json'.
2024-03-03 00:13:02,290 - INFO - ***************************************************************************
2024-03-03 00:13:02,290 - INFO - Params loaded from file 'config/common_params.json'.
2024-03-03 00:13:14,173 - INFO - ***************************************************************************
2024-03-03 00:13:14,174 - INFO - Params loaded from file 'config/common_params.json'.
2024-03-03 00:13:14,843 - INFO - ***************************************************************************
2024-03-03 00:13:14,843 - INFO - Params loaded from file 'config/common_params.json'.
2024-03-03 00:13:15,609 - INFO - ***************************************************************************
2024-03-03 00:13:15,609 - INFO - Params loaded from file 'config/common_params.json'.
2024-03-03 00:13:16,261 - INFO - ***************************************************************************
2024-03-03 00:13:16,261 - INFO - Params loaded from file 'config/common_params.json'.
2024-03-03 00:13:16,965 - INFO - ***************************************************************************
2024-03-03 00:13:16,965 - INFO - Params loaded from file 'config/common_params.json'.
2024-03-03 00:13:17,565 - INFO - ***************************************************************************
2024-03-03 00:13:17,566 - INFO - Params loaded from file 'config/common_params.json'.
2024-03-03 00:13:18,423 - INFO - ***************************************************************************
2024-03-03 00:13:18,423 - INFO - Params loaded from file 'config/common_params.json'.
2024-03-03 00:13:19,259 - INFO - ***************************************************************************
2024-03-03 00:13:19,259 - INFO - Params loaded from file 'config/common_params.json'.
2024-03-03 00:13:20,081 - INFO - ***************************************************************************
2024-03-03 00:13:20,081 - INFO - Params loaded from file 'config/common_params.json'.
2024-03-03 00:13:20,742 - INFO - ***************************************************************************
2024-03-03 00:13:20,743 - INFO - Params loaded from file 'config/common_params.json'.
2024-03-03 00:13:21,510 - INFO - ***************************************************************************
2024-03-03 00:13:21,510 - INFO - Params loaded from file 'config/common_params.json'.
2024-03-03 00:13:22,174 - INFO - ***************************************************************************
2024-03-03 00:13:22,174 - INFO - Params loaded from file 'config/common_params.json'.
2024-03-03 00:13:22,964 - INFO - ***************************************************************************
2024-03-03 00:13:22,964 - INFO - Params loaded from file 'config/common_params.json'.
2024-03-03 00:13:23,564 - INFO - ***************************************************************************
2024-03-03 00:13:23,564 - INFO - Params loaded from file 'config/common_params.json'.
2024-03-03 00:13:24,071 - INFO - ***************************************************************************
2024-03-03 00:13:24,071 - INFO - Params loaded from file 'config/common_params.json'.
2024-03-03 00:13:24,176 - INFO - ***************************************************************************
2024-03-03 00:13:24,176 - INFO - Params loaded from file 'config/common_params.json'.
2024-03-03 00:13:34,631 - INFO - ***************************************************************************
2024-03-03 00:13:34,632 - INFO - Params loaded from file 'config/common_params.json'.
2024-03-03 00:13:36,281 - INFO - Gathering history candles data...
2024-03-03 00:13:38,881 - INFO - ***************************************************************************
2024-03-03 00:13:38,881 - INFO - Params loaded from file 'config/common_params.json'.
2024-03-03 00:13:39,582 - INFO - ***************************************************************************
2024-03-03 00:13:39,582 - INFO - Params loaded from file 'config/common_params.json'.
2024-03-03 00:13:40,335 - INFO - ***************************************************************************
2024-03-03 00:13:40,335 - INFO - Params loaded from file 'config/common_params.json'.
2024-03-03 00:13:40,893 - INFO - ***************************************************************************
2024-03-03 00:13:40,894 - INFO - Params loaded from file 'config/common_params.json'.
2024-03-03 00:13:41,806 - INFO - ***************************************************************************
2024-03-03 00:13:41,806 - INFO - Params loaded from file 'config/common_params.json'.
2024-03-03 00:13:42,200 - INFO - ***************************************************************************
2024-03-03 00:13:42,200 - INFO - Params loaded from file 'config/common_params.json'.
2024-03-03 00:13:42,940 - INFO - ***************************************************************************
2024-03-03 00:13:42,940 - INFO - Params loaded from file 'config/common_params.json'.
2024-03-03 00:13:43,658 - INFO - ***************************************************************************
2024-03-03 00:13:43,659 - INFO - Params loaded from file 'config/common_params.json'.
2024-03-03 00:13:44,205 - INFO - ***************************************************************************
2024-03-03 00:13:44,205 - INFO - Params loaded from file 'config/common_params.json'.
2024-03-03 00:13:44,900 - INFO - ***************************************************************************
2024-03-03 00:13:44,901 - INFO - Params loaded from file 'config/common_params.json'.
2024-03-03 00:13:45,464 - INFO - ***************************************************************************
2024-03-03 00:13:45,464 - INFO - Params loaded from file 'config/common_params.json'.
2024-03-03 00:13:46,251 - INFO - ***************************************************************************
2024-03-03 00:13:46,251 - INFO - Params loaded from file 'config/common_params.json'.
2024-03-03 00:13:47,254 - INFO - ***************************************************************************
2024-03-03 00:13:47,254 - INFO - Params loaded from file 'config/common_params.json'.
2024-03-03 00:13:48,021 - INFO - ***************************************************************************
2024-03-03 00:13:48,022 - INFO - Params loaded from file 'config/common_params.json'.
2024-03-03 00:13:48,514 - INFO - ***************************************************************************
2024-03-03 00:13:48,514 - INFO - Params loaded from file 'config/common_params.json'.
2024-03-03 00:13:48,946 - INFO - ***************************************************************************
2024-03-03 00:13:48,946 - INFO - Params loaded from file 'config/common_params.json'.
2024-03-03 00:14:13,760 - INFO - ***************************************************************************
2024-03-03 00:14:13,760 - INFO - Params loaded from file 'config/common_params.json'.
2024-03-03 00:14:17,472 - INFO - Gathering history candles data...
2024-03-03 00:14:19,355 - INFO - ***************************************************************************
2024-03-03 00:14:19,355 - INFO - Params loaded from file 'config/common_params.json'.
2024-03-03 00:14:19,358 - INFO - ***************************************************************************
2024-03-03 00:14:19,358 - INFO - Params loaded from file 'config/common_params.json'.
2024-03-03 00:14:19,379 - INFO - ***************************************************************************
2024-03-03 00:14:19,379 - INFO - Params loaded from file 'config/common_params.json'.
2024-03-03 00:14:19,391 - INFO - ***************************************************************************
2024-03-03 00:14:19,391 - INFO - Params loaded from file 'config/common_params.json'.
2024-03-03 00:14:19,463 - INFO - ***************************************************************************
2024-03-03 00:14:19,463 - INFO - Params loaded from file 'config/common_params.json'.
2024-03-03 00:14:19,645 - INFO - ***************************************************************************
2024-03-03 00:14:19,645 - INFO - Params loaded from file 'config/common_params.json'.
2024-03-03 00:14:19,729 - INFO - ***************************************************************************
2024-03-03 00:14:19,729 - INFO - Params loaded from file 'config/common_params.json'.
2024-03-03 00:14:19,749 - INFO - ***************************************************************************
2024-03-03 00:14:19,749 - INFO - Params loaded from file 'config/common_params.json'.
2024-03-03 00:14:19,767 - INFO - ***************************************************************************
2024-03-03 00:14:19,767 - INFO - Params loaded from file 'config/common_params.json'.
2024-03-03 00:14:19,779 - INFO - ***************************************************************************
2024-03-03 00:14:19,779 - INFO - Params loaded from file 'config/common_params.json'.
2024-03-03 00:14:19,818 - INFO - ***************************************************************************
2024-03-03 00:14:19,819 - INFO - Params loaded from file 'config/common_params.json'.
2024-03-03 00:14:19,881 - INFO - ***************************************************************************
2024-03-03 00:14:19,881 - INFO - Params loaded from file 'config/common_params.json'.
2024-03-03 00:14:19,916 - INFO - ***************************************************************************
2024-03-03 00:14:19,916 - INFO - Params loaded from file 'config/common_params.json'.
2024-03-03 00:14:19,955 - INFO - ***************************************************************************
2024-03-03 00:14:19,955 - INFO - Params loaded from file 'config/common_params.json'.
2024-03-03 00:14:20,025 - INFO - ***************************************************************************
2024-03-03 00:14:20,025 - INFO - Params loaded from file 'config/common_params.json'.
2024-03-03 00:14:20,057 - INFO - ***************************************************************************
2024-03-03 00:14:20,057 - INFO - Params loaded from file 'config/common_params.json'.
2024-03-03 00:16:17,270 - INFO - ***************************************************************************
2024-03-03 00:16:17,271 - INFO - Params loaded from file 'config/common_params.json'.
2024-03-03 00:16:18,521 - INFO - Gathering history candles data...
2024-03-03 00:16:21,331 - INFO - ***************************************************************************
2024-03-03 00:16:21,331 - INFO - Params loaded from file 'config/common_params.json'.
2024-03-03 00:16:21,930 - INFO - ***************************************************************************
2024-03-03 00:16:21,930 - INFO - Params loaded from file 'config/common_params.json'.
2024-03-03 00:16:22,384 - INFO - ***************************************************************************
2024-03-03 00:16:22,384 - INFO - Params loaded from file 'config/common_params.json'.
2024-03-03 00:16:23,042 - INFO - ***************************************************************************
2024-03-03 00:16:23,042 - INFO - Params loaded from file 'config/common_params.json'.
2024-03-03 00:16:23,653 - INFO - ***************************************************************************
2024-03-03 00:16:23,653 - INFO - Params loaded from file 'config/common_params.json'.
2024-03-03 00:16:24,379 - INFO - ***************************************************************************
2024-03-03 00:16:24,379 - INFO - Params loaded from file 'config/common_params.json'.
2024-03-03 00:16:24,877 - INFO - ***************************************************************************
2024-03-03 00:16:24,877 - INFO - Params loaded from file 'config/common_params.json'.
2024-03-03 00:16:25,511 - INFO - ***************************************************************************
2024-03-03 00:16:25,511 - INFO - Params loaded from file 'config/common_params.json'.
2024-03-03 00:16:26,167 - INFO - ***************************************************************************
2024-03-03 00:16:26,167 - INFO - Params loaded from file 'config/common_params.json'.
2024-03-03 00:16:26,926 - INFO - ***************************************************************************
2024-03-03 00:16:26,926 - INFO - Params loaded from file 'config/common_params.json'.
2024-03-03 00:16:27,479 - INFO - ***************************************************************************
2024-03-03 00:16:27,480 - INFO - Params loaded from file 'config/common_params.json'.
2024-03-03 00:16:28,232 - INFO - ***************************************************************************
2024-03-03 00:16:28,232 - INFO - Params loaded from file 'config/common_params.json'.
2024-03-03 00:16:29,243 - INFO - ***************************************************************************
2024-03-03 00:16:29,243 - INFO - Params loaded from file 'config/common_params.json'.
2024-03-03 00:16:29,842 - INFO - ***************************************************************************
2024-03-03 00:16:29,843 - INFO - Params loaded from file 'config/common_params.json'.
2024-03-03 00:16:30,239 - INFO - ***************************************************************************
2024-03-03 00:16:30,239 - INFO - Params loaded from file 'config/common_params.json'.
2024-03-03 00:16:30,491 - INFO - ***************************************************************************
2024-03-03 00:16:30,491 - INFO - Params loaded from file 'config/common_params.json'.
2024-03-03 00:18:54,235 - INFO - ***************************************************************************
2024-03-03 00:18:54,236 - INFO - Params loaded from file 'config/common_params.json'.
2024-03-03 00:18:54,998 - INFO - ***************************************************************************
2024-03-03 00:18:54,998 - INFO - Params loaded from file 'config/common_params.json'.
2024-03-03 00:18:55,628 - INFO - ***************************************************************************
2024-03-03 00:18:55,628 - INFO - Params loaded from file 'config/common_params.json'.
2024-03-03 00:18:56,340 - INFO - ***************************************************************************
2024-03-03 00:18:56,340 - INFO - Params loaded from file 'config/common_params.json'.
2024-03-03 00:18:57,075 - INFO - ***************************************************************************
2024-03-03 00:18:57,075 - INFO - Params loaded from file 'config/common_params.json'.
2024-03-03 00:18:57,767 - INFO - ***************************************************************************
2024-03-03 00:18:57,768 - INFO - Params loaded from file 'config/common_params.json'.
2024-03-03 00:18:58,451 - INFO - ***************************************************************************
2024-03-03 00:18:58,452 - INFO - Params loaded from file 'config/common_params.json'.
2024-03-03 00:18:58,976 - INFO - ***************************************************************************
2024-03-03 00:18:58,976 - INFO - Params loaded from file 'config/common_params.json'.
2024-03-03 00:18:59,624 - INFO - ***************************************************************************
2024-03-03 00:18:59,624 - INFO - Params loaded from file 'config/common_params.json'.
2024-03-03 00:19:00,373 - INFO - ***************************************************************************
2024-03-03 00:19:00,374 - INFO - Params loaded from file 'config/common_params.json'.
2024-03-03 00:19:01,130 - INFO - ***************************************************************************
2024-03-03 00:19:01,130 - INFO - Params loaded from file 'config/common_params.json'.
2024-03-03 00:19:01,969 - INFO - ***************************************************************************
2024-03-03 00:19:01,969 - INFO - Params loaded from file 'config/common_params.json'.
2024-03-03 00:19:02,740 - INFO - ***************************************************************************
2024-03-03 00:19:02,740 - INFO - Params loaded from file 'config/common_params.json'.
2024-03-03 00:19:03,456 - INFO - ***************************************************************************
2024-03-03 00:19:03,456 - INFO - Params loaded from file 'config/common_params.json'.
2024-03-03 00:19:03,898 - INFO - ***************************************************************************
2024-03-03 00:19:03,898 - INFO - Params loaded from file 'config/common_params.json'.
2024-03-03 00:19:03,973 - INFO - ***************************************************************************
2024-03-03 00:19:03,973 - INFO - Params loaded from file 'config/common_params.json'.
2024-03-03 00:20:20,939 - INFO - ***************************************************************************
2024-03-03 00:20:20,939 - INFO - Params loaded from file 'config/common_params.json'.
2024-03-03 00:20:23,054 - INFO - Gathering history candles data...
2024-03-03 00:20:25,048 - INFO - ***************************************************************************
2024-03-03 00:20:25,048 - INFO - Params loaded from file 'config/common_params.json'.
2024-03-03 00:20:25,131 - INFO - ***************************************************************************
2024-03-03 00:20:25,131 - INFO - Params loaded from file 'config/common_params.json'.
2024-03-03 00:20:25,144 - INFO - ***************************************************************************
2024-03-03 00:20:25,144 - INFO - Params loaded from file 'config/common_params.json'.
2024-03-03 00:20:25,206 - INFO - ***************************************************************************
2024-03-03 00:20:25,206 - INFO - Params loaded from file 'config/common_params.json'.
2024-03-03 00:20:25,209 - INFO - ***************************************************************************
2024-03-03 00:20:25,210 - INFO - Params loaded from file 'config/common_params.json'.
2024-03-03 00:20:25,213 - INFO - ***************************************************************************
2024-03-03 00:20:25,213 - INFO - Params loaded from file 'config/common_params.json'.
2024-03-03 00:20:25,238 - INFO - ***************************************************************************
2024-03-03 00:20:25,238 - INFO - Params loaded from file 'config/common_params.json'.
2024-03-03 00:20:25,284 - INFO - ***************************************************************************
2024-03-03 00:20:25,284 - INFO - Params loaded from file 'config/common_params.json'.
2024-03-03 00:20:25,427 - INFO - ***************************************************************************
2024-03-03 00:20:25,427 - INFO - Params loaded from file 'config/common_params.json'.
2024-03-03 00:20:25,427 - INFO - ***************************************************************************
2024-03-03 00:20:25,428 - INFO - Params loaded from file 'config/common_params.json'.
2024-03-03 00:20:25,436 - INFO - ***************************************************************************
2024-03-03 00:20:25,436 - INFO - Params loaded from file 'config/common_params.json'.
2024-03-03 00:20:25,441 - INFO - ***************************************************************************
2024-03-03 00:20:25,442 - INFO - Params loaded from file 'config/common_params.json'.
2024-03-03 00:20:25,457 - INFO - ***************************************************************************
2024-03-03 00:20:25,458 - INFO - Params loaded from file 'config/common_params.json'.
2024-03-03 00:20:25,470 - INFO - ***************************************************************************
2024-03-03 00:20:25,470 - INFO - Params loaded from file 'config/common_params.json'.
2024-03-03 00:20:25,491 - INFO - ***************************************************************************
2024-03-03 00:20:25,491 - INFO - Params loaded from file 'config/common_params.json'.
2024-03-03 00:20:25,566 - INFO - ***************************************************************************
2024-03-03 00:20:25,566 - INFO - Params loaded from file 'config/common_params.json'.
2024-03-03 00:21:36,425 - INFO - ***************************************************************************
2024-03-03 00:21:36,425 - INFO - Params loaded from file 'config/common_params.json'.
2024-03-03 00:21:36,467 - INFO - ***************************************************************************
2024-03-03 00:21:36,467 - INFO - Params loaded from file 'config/common_params.json'.
2024-03-03 00:21:36,497 - INFO - ***************************************************************************
2024-03-03 00:21:36,497 - INFO - Params loaded from file 'config/common_params.json'.
2024-03-03 00:21:36,525 - INFO - ***************************************************************************
2024-03-03 00:21:36,525 - INFO - Params loaded from file 'config/common_params.json'.
2024-03-03 00:21:36,527 - INFO - ***************************************************************************
2024-03-03 00:21:36,528 - INFO - Params loaded from file 'config/common_params.json'.
2024-03-03 00:21:36,529 - INFO - ***************************************************************************
2024-03-03 00:21:36,529 - INFO - Params loaded from file 'config/common_params.json'.
2024-03-03 00:21:36,538 - INFO - ***************************************************************************
2024-03-03 00:21:36,538 - INFO - Params loaded from file 'config/common_params.json'.
2024-03-03 00:21:36,568 - INFO - ***************************************************************************
2024-03-03 00:21:36,568 - INFO - Params loaded from file 'config/common_params.json'.
2024-03-03 00:21:36,570 - INFO - ***************************************************************************
2024-03-03 00:21:36,571 - INFO - Params loaded from file 'config/common_params.json'.
2024-03-03 00:21:36,603 - INFO - ***************************************************************************
2024-03-03 00:21:36,603 - INFO - Params loaded from file 'config/common_params.json'.
2024-03-03 00:21:36,627 - INFO - ***************************************************************************
2024-03-03 00:21:36,628 - INFO - Params loaded from file 'config/common_params.json'.
2024-03-03 00:21:36,628 - INFO - ***************************************************************************
2024-03-03 00:21:36,628 - INFO - Params loaded from file 'config/common_params.json'.
2024-03-03 00:21:36,632 - INFO - ***************************************************************************
2024-03-03 00:21:36,632 - INFO - Params loaded from file 'config/common_params.json'.
2024-03-03 00:21:36,806 - INFO - ***************************************************************************
2024-03-03 00:21:36,807 - INFO - Params loaded from file 'config/common_params.json'.
2024-03-03 00:21:36,831 - INFO - ***************************************************************************
2024-03-03 00:21:36,831 - INFO - Params loaded from file 'config/common_params.json'.
2024-03-03 00:21:36,863 - INFO - ***************************************************************************
2024-03-03 00:21:36,863 - INFO - Params loaded from file 'config/common_params.json'.
2024-03-03 00:21:44,033 - INFO - ***************************************************************************
2024-03-03 00:21:44,033 - INFO - Params loaded from file 'config/common_params.json'.
2024-03-03 00:21:47,852 - INFO - ***************************************************************************
2024-03-03 00:21:47,852 - INFO - Params loaded from file 'config/common_params.json'.
2024-03-03 00:21:49,512 - INFO - Gathering history candles data...
2024-03-03 00:21:52,011 - INFO - ***************************************************************************
2024-03-03 00:21:52,011 - INFO - Params loaded from file 'config/common_params.json'.
2024-03-03 00:21:52,638 - INFO - ***************************************************************************
2024-03-03 00:21:52,639 - INFO - Params loaded from file 'config/common_params.json'.
2024-03-03 00:21:53,265 - INFO - ***************************************************************************
2024-03-03 00:21:53,266 - INFO - Params loaded from file 'config/common_params.json'.
2024-03-03 00:21:53,993 - INFO - ***************************************************************************
2024-03-03 00:21:53,993 - INFO - Params loaded from file 'config/common_params.json'.
2024-03-03 00:21:54,621 - INFO - ***************************************************************************
2024-03-03 00:21:54,621 - INFO - Params loaded from file 'config/common_params.json'.
2024-03-03 00:21:55,236 - INFO - ***************************************************************************
2024-03-03 00:21:55,236 - INFO - Params loaded from file 'config/common_params.json'.
2024-03-03 00:21:55,811 - INFO - ***************************************************************************
2024-03-03 00:21:55,811 - INFO - Params loaded from file 'config/common_params.json'.
2024-03-03 00:21:56,405 - INFO - ***************************************************************************
2024-03-03 00:21:56,405 - INFO - Params loaded from file 'config/common_params.json'.
2024-03-03 00:21:57,084 - INFO - ***************************************************************************
2024-03-03 00:21:57,084 - INFO - Params loaded from file 'config/common_params.json'.
2024-03-03 00:21:57,753 - INFO - ***************************************************************************
2024-03-03 00:21:57,754 - INFO - Params loaded from file 'config/common_params.json'.
2024-03-03 00:21:58,263 - INFO - ***************************************************************************
2024-03-03 00:21:58,263 - INFO - Params loaded from file 'config/common_params.json'.
2024-03-03 00:21:58,959 - INFO - ***************************************************************************
2024-03-03 00:21:58,959 - INFO - Params loaded from file 'config/common_params.json'.
2024-03-03 00:22:00,179 - INFO - ***************************************************************************
2024-03-03 00:22:00,180 - INFO - Params loaded from file 'config/common_params.json'.
2024-03-03 00:22:00,684 - INFO - ***************************************************************************
2024-03-03 00:22:00,684 - INFO - Params loaded from file 'config/common_params.json'.
2024-03-03 00:22:01,290 - INFO - ***************************************************************************
2024-03-03 00:22:01,290 - INFO - Params loaded from file 'config/common_params.json'.
2024-03-03 00:22:01,403 - INFO - ***************************************************************************
2024-03-03 00:22:01,403 - INFO - Params loaded from file 'config/common_params.json'.
2024-03-03 00:24:15,414 - INFO - ***************************************************************************
2024-03-03 00:24:15,414 - INFO - Params loaded from file 'config/common_params.json'.
2024-03-03 00:24:15,986 - INFO - ***************************************************************************
2024-03-03 00:24:15,986 - INFO - Params loaded from file 'config/common_params.json'.
2024-03-03 00:24:16,712 - INFO - ***************************************************************************
2024-03-03 00:24:16,712 - INFO - Params loaded from file 'config/common_params.json'.
2024-03-03 00:24:17,407 - INFO - ***************************************************************************
2024-03-03 00:24:17,408 - INFO - Params loaded from file 'config/common_params.json'.
2024-03-03 00:24:18,033 - INFO - ***************************************************************************
2024-03-03 00:24:18,033 - INFO - Params loaded from file 'config/common_params.json'.
2024-03-03 00:24:18,659 - INFO - ***************************************************************************
2024-03-03 00:24:18,659 - INFO - Params loaded from file 'config/common_params.json'.
2024-03-03 00:24:19,296 - INFO - ***************************************************************************
2024-03-03 00:24:19,297 - INFO - Params loaded from file 'config/common_params.json'.
2024-03-03 00:24:19,977 - INFO - ***************************************************************************
2024-03-03 00:24:19,977 - INFO - Params loaded from file 'config/common_params.json'.
2024-03-03 00:24:20,599 - INFO - ***************************************************************************
2024-03-03 00:24:20,599 - INFO - Params loaded from file 'config/common_params.json'.
2024-03-03 00:24:21,408 - INFO - ***************************************************************************
2024-03-03 00:24:21,408 - INFO - Params loaded from file 'config/common_params.json'.
2024-03-03 00:24:22,274 - INFO - ***************************************************************************
2024-03-03 00:24:22,275 - INFO - Params loaded from file 'config/common_params.json'.
2024-03-03 00:24:23,087 - INFO - ***************************************************************************
2024-03-03 00:24:23,088 - INFO - Params loaded from file 'config/common_params.json'.
2024-03-03 00:24:23,612 - INFO - ***************************************************************************
2024-03-03 00:24:23,612 - INFO - Params loaded from file 'config/common_params.json'.
2024-03-03 00:24:24,126 - INFO - ***************************************************************************
2024-03-03 00:24:24,126 - INFO - Params loaded from file 'config/common_params.json'.
2024-03-03 00:24:24,588 - INFO - ***************************************************************************
2024-03-03 00:24:24,589 - INFO - Params loaded from file 'config/common_params.json'.
2024-03-03 00:24:24,736 - INFO - ***************************************************************************
2024-03-03 00:24:24,736 - INFO - Params loaded from file 'config/common_params.json'.
2024-03-03 00:25:29,838 - INFO - ***************************************************************************
2024-03-03 00:25:29,838 - INFO - Params loaded from file 'config/common_params.json'.
2024-03-03 00:25:31,483 - INFO - Gathering history candles data...
2024-03-03 00:25:33,164 - INFO - ***************************************************************************
2024-03-03 00:25:33,164 - INFO - Params loaded from file 'config/common_params.json'.
2024-03-03 00:25:33,406 - INFO - ***************************************************************************
2024-03-03 00:25:33,406 - INFO - Params loaded from file 'config/common_params.json'.
2024-03-03 00:25:33,568 - INFO - ***************************************************************************
2024-03-03 00:25:33,568 - INFO - Params loaded from file 'config/common_params.json'.
2024-03-03 00:25:33,591 - INFO - ***************************************************************************
2024-03-03 00:25:33,591 - INFO - Params loaded from file 'config/common_params.json'.
2024-03-03 00:25:33,603 - INFO - ***************************************************************************
2024-03-03 00:25:33,603 - INFO - Params loaded from file 'config/common_params.json'.
2024-03-03 00:25:33,617 - INFO - ***************************************************************************
2024-03-03 00:25:33,617 - INFO - Params loaded from file 'config/common_params.json'.
2024-03-03 00:25:33,634 - INFO - ***************************************************************************
2024-03-03 00:25:33,634 - INFO - Params loaded from file 'config/common_params.json'.
2024-03-03 00:25:33,638 - INFO - ***************************************************************************
2024-03-03 00:25:33,638 - INFO - Params loaded from file 'config/common_params.json'.
2024-03-03 00:25:33,650 - INFO - ***************************************************************************
2024-03-03 00:25:33,650 - INFO - Params loaded from file 'config/common_params.json'.
2024-03-03 00:25:33,662 - INFO - ***************************************************************************
2024-03-03 00:25:33,662 - INFO - Params loaded from file 'config/common_params.json'.
2024-03-03 00:25:33,672 - INFO - ***************************************************************************
2024-03-03 00:25:33,672 - INFO - Params loaded from file 'config/common_params.json'.
2024-03-03 00:25:33,908 - INFO - ***************************************************************************
2024-03-03 00:25:33,908 - INFO - Params loaded from file 'config/common_params.json'.
2024-03-03 00:25:33,975 - INFO - ***************************************************************************
2024-03-03 00:25:33,975 - INFO - Params loaded from file 'config/common_params.json'.
2024-03-03 00:25:34,101 - INFO - ***************************************************************************
2024-03-03 00:25:34,101 - INFO - Params loaded from file 'config/common_params.json'.
2024-03-03 00:25:34,134 - INFO - ***************************************************************************
2024-03-03 00:25:34,134 - INFO - Params loaded from file 'config/common_params.json'.
2024-03-03 00:25:34,138 - INFO - ***************************************************************************
2024-03-03 00:25:34,138 - INFO - Params loaded from file 'config/common_params.json'.
2024-03-03 00:26:07,486 - INFO - History bars data  stored to file.
2024-03-03 00:28:35,534 - INFO - ***************************************************************************
2024-03-03 00:28:35,534 - INFO - Params loaded from file 'config/common_params.json'.
2024-03-03 00:28:37,185 - INFO - Gathering history candles data...
2024-03-03 00:28:39,027 - INFO - ***************************************************************************
2024-03-03 00:28:39,028 - INFO - Params loaded from file 'config/common_params.json'.
2024-03-03 00:28:39,086 - INFO - ***************************************************************************
2024-03-03 00:28:39,086 - INFO - Params loaded from file 'config/common_params.json'.
2024-03-03 00:28:39,103 - INFO - ***************************************************************************
2024-03-03 00:28:39,103 - INFO - Params loaded from file 'config/common_params.json'.
2024-03-03 00:28:39,114 - INFO - ***************************************************************************
2024-03-03 00:28:39,114 - INFO - Params loaded from file 'config/common_params.json'.
2024-03-03 00:28:39,122 - INFO - ***************************************************************************
2024-03-03 00:28:39,122 - INFO - Params loaded from file 'config/common_params.json'.
2024-03-03 00:28:39,160 - INFO - ***************************************************************************
2024-03-03 00:28:39,160 - INFO - Params loaded from file 'config/common_params.json'.
2024-03-03 00:28:39,422 - INFO - ***************************************************************************
2024-03-03 00:28:39,422 - INFO - Params loaded from file 'config/common_params.json'.
2024-03-03 00:28:39,422 - INFO - Params loaded from file 'config/common_params.json'.
2024-03-03 00:28:39,466 - INFO - ***************************************************************************
2024-03-03 00:28:39,466 - INFO - Params loaded from file 'config/common_params.json'.
2024-03-03 00:28:39,482 - INFO - ***************************************************************************
2024-03-03 00:28:39,482 - INFO - Params loaded from file 'config/common_params.json'.
2024-03-03 00:28:39,560 - INFO - ***************************************************************************
2024-03-03 00:28:39,560 - INFO - Params loaded from file 'config/common_params.json'.
2024-03-03 00:28:39,562 - INFO - ***************************************************************************
2024-03-03 00:28:39,562 - INFO - Params loaded from file 'config/common_params.json'.
2024-03-03 00:28:39,579 - INFO - ***************************************************************************
2024-03-03 00:28:39,579 - INFO - Params loaded from file 'config/common_params.json'.
2024-03-03 00:28:39,673 - INFO - ***************************************************************************
2024-03-03 00:28:39,673 - INFO - Params loaded from file 'config/common_params.json'.
2024-03-03 00:28:39,729 - INFO - ***************************************************************************
2024-03-03 00:28:39,729 - INFO - Params loaded from file 'config/common_params.json'.
2024-03-03 00:28:39,742 - INFO - ***************************************************************************
2024-03-03 00:28:39,742 - INFO - Params loaded from file 'config/common_params.json'.
2024-03-03 00:29:12,124 - INFO - History bars data  stored to file.
2024-03-03 00:32:17,267 - INFO - ***************************************************************************
2024-03-03 00:32:17,267 - INFO - Params loaded from file 'config/common_params.json'.
2024-03-03 00:32:19,031 - INFO - Gathering history candles data...
2024-03-03 00:32:21,055 - INFO - ***************************************************************************
2024-03-03 00:32:21,055 - INFO - Params loaded from file 'config/common_params.json'.
2024-03-03 00:32:21,081 - INFO - ***************************************************************************
2024-03-03 00:32:21,081 - INFO - Params loaded from file 'config/common_params.json'.
2024-03-03 00:32:21,175 - INFO - ***************************************************************************
2024-03-03 00:32:21,175 - INFO - Params loaded from file 'config/common_params.json'.
2024-03-03 00:32:21,234 - INFO - ***************************************************************************
2024-03-03 00:32:21,234 - INFO - Params loaded from file 'config/common_params.json'.
2024-03-03 00:32:21,291 - INFO - ***************************************************************************
2024-03-03 00:32:21,291 - INFO - Params loaded from file 'config/common_params.json'.
2024-03-03 00:32:21,333 - INFO - ***************************************************************************
2024-03-03 00:32:21,333 - INFO - Params loaded from file 'config/common_params.json'.
2024-03-03 00:32:21,374 - INFO - ***************************************************************************
2024-03-03 00:32:21,374 - INFO - Params loaded from file 'config/common_params.json'.
2024-03-03 00:32:21,463 - INFO - ***************************************************************************
2024-03-03 00:32:21,463 - INFO - Params loaded from file 'config/common_params.json'.
2024-03-03 00:32:21,468 - INFO - ***************************************************************************
2024-03-03 00:32:21,468 - INFO - Params loaded from file 'config/common_params.json'.
2024-03-03 00:32:21,469 - INFO - ***************************************************************************
2024-03-03 00:32:21,469 - INFO - Params loaded from file 'config/common_params.json'.
2024-03-03 00:32:21,503 - INFO - ***************************************************************************
2024-03-03 00:32:21,503 - INFO - Params loaded from file 'config/common_params.json'.
2024-03-03 00:32:21,522 - INFO - ***************************************************************************
2024-03-03 00:32:21,522 - INFO - Params loaded from file 'config/common_params.json'.
2024-03-03 00:32:21,561 - INFO - ***************************************************************************
2024-03-03 00:32:21,561 - INFO - Params loaded from file 'config/common_params.json'.
2024-03-03 00:32:21,566 - INFO - ***************************************************************************
2024-03-03 00:32:21,566 - INFO - Params loaded from file 'config/common_params.json'.
2024-03-03 00:32:21,796 - INFO - ***************************************************************************
2024-03-03 00:32:21,796 - INFO - Params loaded from file 'config/common_params.json'.
2024-03-03 00:32:21,839 - INFO - ***************************************************************************
2024-03-03 00:32:21,839 - INFO - Params loaded from file 'config/common_params.json'.
2024-03-03 00:33:07,742 - INFO - ***************************************************************************
2024-03-03 00:33:07,742 - INFO - Params loaded from file 'config/common_params.json'.
2024-03-03 00:33:09,460 - INFO - Gathering history candles data...
2024-03-03 00:33:11,478 - INFO - ***************************************************************************
2024-03-03 00:33:11,478 - INFO - Params loaded from file 'config/common_params.json'.
2024-03-03 00:33:11,550 - INFO - ***************************************************************************
2024-03-03 00:33:11,550 - INFO - Params loaded from file 'config/common_params.json'.
2024-03-03 00:33:11,582 - INFO - ***************************************************************************
2024-03-03 00:33:11,583 - INFO - Params loaded from file 'config/common_params.json'.
2024-03-03 00:33:11,604 - INFO - ***************************************************************************
2024-03-03 00:33:11,604 - INFO - Params loaded from file 'config/common_params.json'.
2024-03-03 00:33:11,606 - INFO - ***************************************************************************
2024-03-03 00:33:11,606 - INFO - Params loaded from file 'config/common_params.json'.
2024-03-03 00:33:11,607 - INFO - ***************************************************************************
2024-03-03 00:33:11,608 - INFO - Params loaded from file 'config/common_params.json'.
2024-03-03 00:33:11,615 - INFO - ***************************************************************************
2024-03-03 00:33:11,615 - INFO - Params loaded from file 'config/common_params.json'.
2024-03-03 00:33:11,667 - INFO - ***************************************************************************
2024-03-03 00:33:11,668 - INFO - Params loaded from file 'config/common_params.json'.
2024-03-03 00:33:11,753 - INFO - ***************************************************************************
2024-03-03 00:33:11,753 - INFO - Params loaded from file 'config/common_params.json'.
2024-03-03 00:33:11,772 - INFO - ***************************************************************************
2024-03-03 00:33:11,772 - INFO - Params loaded from file 'config/common_params.json'.
2024-03-03 00:33:11,776 - INFO - ***************************************************************************
2024-03-03 00:33:11,776 - INFO - Params loaded from file 'config/common_params.json'.
2024-03-03 00:33:11,793 - INFO - ***************************************************************************
2024-03-03 00:33:11,793 - INFO - Params loaded from file 'config/common_params.json'.
2024-03-03 00:33:11,798 - INFO - ***************************************************************************
2024-03-03 00:33:11,798 - INFO - Params loaded from file 'config/common_params.json'.
2024-03-03 00:33:11,808 - INFO - ***************************************************************************
2024-03-03 00:33:11,809 - INFO - Params loaded from file 'config/common_params.json'.
2024-03-03 00:33:11,830 - INFO - ***************************************************************************
2024-03-03 00:33:11,830 - INFO - Params loaded from file 'config/common_params.json'.
2024-03-03 00:33:12,036 - INFO - ***************************************************************************
2024-03-03 00:33:12,037 - INFO - Params loaded from file 'config/common_params.json'.
2024-03-03 00:33:48,686 - INFO - History bars data  stored to file.
2024-03-03 00:35:12,713 - INFO - ***************************************************************************
2024-03-03 00:35:12,713 - INFO - Params loaded from file 'config/common_params.json'.
2024-03-03 00:35:14,362 - INFO - Gathering history candles data...
2024-03-03 00:35:16,334 - INFO - ***************************************************************************
2024-03-03 00:35:16,334 - INFO - Params loaded from file 'config/common_params.json'.
2024-03-03 00:35:16,361 - INFO - ***************************************************************************
2024-03-03 00:35:16,361 - INFO - Params loaded from file 'config/common_params.json'.
2024-03-03 00:35:16,374 - INFO - ***************************************************************************
2024-03-03 00:35:16,375 - INFO - Params loaded from file 'config/common_params.json'.
2024-03-03 00:35:16,399 - INFO - ***************************************************************************
2024-03-03 00:35:16,399 - INFO - Params loaded from file 'config/common_params.json'.
2024-03-03 00:35:16,408 - INFO - ***************************************************************************
2024-03-03 00:35:16,409 - INFO - Params loaded from file 'config/common_params.json'.
2024-03-03 00:35:16,475 - INFO - ***************************************************************************
2024-03-03 00:35:16,475 - INFO - Params loaded from file 'config/common_params.json'.
2024-03-03 00:35:16,503 - INFO - ***************************************************************************
2024-03-03 00:35:16,503 - INFO - Params loaded from file 'config/common_params.json'.
2024-03-03 00:35:16,538 - INFO - ***************************************************************************
2024-03-03 00:35:16,538 - INFO - Params loaded from file 'config/common_params.json'.
2024-03-03 00:35:16,583 - INFO - ***************************************************************************
2024-03-03 00:35:16,583 - INFO - Params loaded from file 'config/common_params.json'.
2024-03-03 00:35:16,613 - INFO - ***************************************************************************
2024-03-03 00:35:16,613 - INFO - Params loaded from file 'config/common_params.json'.
2024-03-03 00:35:16,651 - INFO - ***************************************************************************
2024-03-03 00:35:16,651 - INFO - Params loaded from file 'config/common_params.json'.
2024-03-03 00:35:16,674 - INFO - ***************************************************************************
2024-03-03 00:35:16,674 - INFO - Params loaded from file 'config/common_params.json'.
2024-03-03 00:35:16,786 - INFO - ***************************************************************************
2024-03-03 00:35:16,786 - INFO - Params loaded from file 'config/common_params.json'.
2024-03-03 00:35:16,811 - INFO - ***************************************************************************
2024-03-03 00:35:16,812 - INFO - Params loaded from file 'config/common_params.json'.
2024-03-03 00:35:16,848 - INFO - ***************************************************************************
2024-03-03 00:35:16,848 - INFO - Params loaded from file 'config/common_params.json'.
2024-03-03 00:35:16,909 - INFO - ***************************************************************************
2024-03-03 00:35:16,909 - INFO - Params loaded from file 'config/common_params.json'.
2024-03-03 00:35:50,365 - INFO - History bars data  stored to file.
2024-03-03 00:36:20,871 - INFO - ***************************************************************************
2024-03-03 00:36:20,871 - INFO - Params loaded from file 'config/common_params.json'.
2024-03-03 00:36:22,503 - INFO - Gathering history candles data...
2024-03-03 00:36:24,651 - INFO - ***************************************************************************
2024-03-03 00:36:24,651 - INFO - Params loaded from file 'config/common_params.json'.
2024-03-03 00:36:24,671 - INFO - ***************************************************************************
2024-03-03 00:36:24,671 - INFO - Params loaded from file 'config/common_params.json'.
2024-03-03 00:36:24,712 - INFO - ***************************************************************************
2024-03-03 00:36:24,712 - INFO - Params loaded from file 'config/common_params.json'.
2024-03-03 00:36:24,741 - INFO - ***************************************************************************
2024-03-03 00:36:24,742 - INFO - Params loaded from file 'config/common_params.json'.
2024-03-03 00:36:24,753 - INFO - ***************************************************************************
2024-03-03 00:36:24,753 - INFO - Params loaded from file 'config/common_params.json'.
2024-03-03 00:36:24,755 - INFO - ***************************************************************************
2024-03-03 00:36:24,755 - INFO - Params loaded from file 'config/common_params.json'.
2024-03-03 00:36:24,762 - INFO - ***************************************************************************
2024-03-03 00:36:24,762 - INFO - Params loaded from file 'config/common_params.json'.
2024-03-03 00:36:24,786 - INFO - ***************************************************************************
2024-03-03 00:36:24,787 - INFO - Params loaded from file 'config/common_params.json'.
2024-03-03 00:36:24,788 - INFO - ***************************************************************************
2024-03-03 00:36:24,788 - INFO - Params loaded from file 'config/common_params.json'.
2024-03-03 00:36:24,799 - INFO - ***************************************************************************
2024-03-03 00:36:24,799 - INFO - Params loaded from file 'config/common_params.json'.
2024-03-03 00:36:24,811 - INFO - ***************************************************************************
2024-03-03 00:36:24,811 - INFO - Params loaded from file 'config/common_params.json'.
2024-03-03 00:36:24,837 - INFO - ***************************************************************************
2024-03-03 00:36:24,837 - INFO - Params loaded from file 'config/common_params.json'.
2024-03-03 00:36:24,852 - INFO - ***************************************************************************
2024-03-03 00:36:24,852 - INFO - Params loaded from file 'config/common_params.json'.
2024-03-03 00:36:24,915 - INFO - ***************************************************************************
2024-03-03 00:36:24,915 - INFO - Params loaded from file 'config/common_params.json'.
2024-03-03 00:36:25,240 - INFO - ***************************************************************************
2024-03-03 00:36:25,241 - INFO - Params loaded from file 'config/common_params.json'.
2024-03-03 00:36:25,252 - INFO - ***************************************************************************
2024-03-03 00:36:25,253 - INFO - Params loaded from file 'config/common_params.json'.
2024-03-03 00:36:51,695 - INFO - History bars data  stored to file.
2024-03-03 00:37:40,815 - INFO - ***************************************************************************
2024-03-03 00:37:40,815 - INFO - Params loaded from file 'config/common_params.json'.
2024-03-03 00:37:42,464 - INFO - Gathering history candles data...
2024-03-03 00:37:44,523 - INFO - ***************************************************************************
2024-03-03 00:37:44,523 - INFO - Params loaded from file 'config/common_params.json'.
2024-03-03 00:37:44,587 - INFO - ***************************************************************************
2024-03-03 00:37:44,587 - INFO - Params loaded from file 'config/common_params.json'.
2024-03-03 00:37:44,590 - INFO - ***************************************************************************
2024-03-03 00:37:44,591 - INFO - Params loaded from file 'config/common_params.json'.
2024-03-03 00:37:44,600 - INFO - ***************************************************************************
2024-03-03 00:37:44,600 - INFO - Params loaded from file 'config/common_params.json'.
2024-03-03 00:37:44,615 - INFO - ***************************************************************************
2024-03-03 00:37:44,616 - INFO - Params loaded from file 'config/common_params.json'.
2024-03-03 00:37:44,629 - INFO - ***************************************************************************
2024-03-03 00:37:44,629 - INFO - ***************************************************************************
2024-03-03 00:37:44,629 - INFO - Params loaded from file 'config/common_params.json'.
2024-03-03 00:37:44,629 - INFO - Params loaded from file 'config/common_params.json'.
2024-03-03 00:37:44,631 - INFO - ***************************************************************************
2024-03-03 00:37:44,631 - INFO - Params loaded from file 'config/common_params.json'.
2024-03-03 00:37:44,711 - INFO - ***************************************************************************
2024-03-03 00:37:44,711 - INFO - Params loaded from file 'config/common_params.json'.
2024-03-03 00:37:44,718 - INFO - ***************************************************************************
2024-03-03 00:37:44,718 - INFO - Params loaded from file 'config/common_params.json'.
2024-03-03 00:37:44,759 - INFO - ***************************************************************************
2024-03-03 00:37:44,760 - INFO - Params loaded from file 'config/common_params.json'.
2024-03-03 00:37:44,779 - INFO - ***************************************************************************
2024-03-03 00:37:44,779 - INFO - Params loaded from file 'config/common_params.json'.
2024-03-03 00:37:44,823 - INFO - ***************************************************************************
2024-03-03 00:37:44,823 - INFO - Params loaded from file 'config/common_params.json'.
2024-03-03 00:37:44,871 - INFO - ***************************************************************************
2024-03-03 00:37:44,872 - INFO - Params loaded from file 'config/common_params.json'.
2024-03-03 00:37:44,955 - INFO - ***************************************************************************
2024-03-03 00:37:44,956 - INFO - Params loaded from file 'config/common_params.json'.
2024-03-03 00:37:45,014 - INFO - ***************************************************************************
2024-03-03 00:37:45,015 - INFO - Params loaded from file 'config/common_params.json'.
2024-03-03 00:38:17,867 - INFO - History bars data  stored to file.
2024-03-03 00:38:51,218 - INFO - ***************************************************************************
2024-03-03 00:38:51,219 - INFO - Params loaded from file 'config/common_params.json'.
2024-03-03 00:38:51,978 - INFO - Gathering history candles data...
2024-03-03 00:38:54,022 - INFO - ***************************************************************************
2024-03-03 00:38:54,022 - INFO - Params loaded from file 'config/common_params.json'.
2024-03-03 00:38:54,161 - INFO - ***************************************************************************
2024-03-03 00:38:54,162 - INFO - Params loaded from file 'config/common_params.json'.
2024-03-03 00:38:54,188 - INFO - ***************************************************************************
2024-03-03 00:38:54,188 - INFO - Params loaded from file 'config/common_params.json'.
2024-03-03 00:38:54,198 - INFO - ***************************************************************************
2024-03-03 00:38:54,198 - INFO - Params loaded from file 'config/common_params.json'.
2024-03-03 00:38:54,201 - INFO - ***************************************************************************
2024-03-03 00:38:54,201 - INFO - Params loaded from file 'config/common_params.json'.
2024-03-03 00:38:54,237 - INFO - ***************************************************************************
2024-03-03 00:38:54,238 - INFO - Params loaded from file 'config/common_params.json'.
2024-03-03 00:38:54,238 - INFO - ***************************************************************************
2024-03-03 00:38:54,238 - INFO - Params loaded from file 'config/common_params.json'.
2024-03-03 00:38:54,282 - INFO - ***************************************************************************
2024-03-03 00:38:54,282 - INFO - Params loaded from file 'config/common_params.json'.
2024-03-03 00:38:54,439 - INFO - ***************************************************************************
2024-03-03 00:38:54,439 - INFO - Params loaded from file 'config/common_params.json'.
2024-03-03 00:38:54,455 - INFO - ***************************************************************************
2024-03-03 00:38:54,455 - INFO - Params loaded from file 'config/common_params.json'.
2024-03-03 00:38:54,465 - INFO - ***************************************************************************
2024-03-03 00:38:54,465 - INFO - Params loaded from file 'config/common_params.json'.
2024-03-03 00:38:54,476 - INFO - ***************************************************************************
2024-03-03 00:38:54,476 - INFO - Params loaded from file 'config/common_params.json'.
2024-03-03 00:38:54,488 - INFO - ***************************************************************************
2024-03-03 00:38:54,488 - INFO - Params loaded from file 'config/common_params.json'.
2024-03-03 00:38:54,490 - INFO - ***************************************************************************
2024-03-03 00:38:54,490 - INFO - Params loaded from file 'config/common_params.json'.
2024-03-03 00:38:54,539 - INFO - ***************************************************************************
2024-03-03 00:38:54,539 - INFO - Params loaded from file 'config/common_params.json'.
2024-03-03 00:38:54,594 - INFO - ***************************************************************************
2024-03-03 00:38:54,594 - INFO - Params loaded from file 'config/common_params.json'.
2024-03-03 00:39:17,959 - INFO - History bars data  stored to file.
2024-03-03 00:46:14,605 - INFO - ***************************************************************************
2024-03-03 00:46:14,605 - INFO - Params loaded from file 'config/common_params.json'.
2024-03-03 00:46:16,239 - INFO - Gathering history candles data...
2024-03-03 00:46:18,445 - INFO - ***************************************************************************
2024-03-03 00:46:18,445 - INFO - Params loaded from file 'config/common_params.json'.
2024-03-03 00:46:18,479 - INFO - ***************************************************************************
2024-03-03 00:46:18,479 - INFO - Params loaded from file 'config/common_params.json'.
2024-03-03 00:46:18,527 - INFO - ***************************************************************************
2024-03-03 00:46:18,527 - INFO - Params loaded from file 'config/common_params.json'.
2024-03-03 00:46:18,533 - INFO - ***************************************************************************
2024-03-03 00:46:18,533 - INFO - Params loaded from file 'config/common_params.json'.
2024-03-03 00:46:18,616 - INFO - ***************************************************************************
2024-03-03 00:46:18,616 - INFO - Params loaded from file 'config/common_params.json'.
2024-03-03 00:46:18,631 - INFO - ***************************************************************************
2024-03-03 00:46:18,631 - INFO - Params loaded from file 'config/common_params.json'.
2024-03-03 00:46:18,636 - INFO - ***************************************************************************
2024-03-03 00:46:18,636 - INFO - Params loaded from file 'config/common_params.json'.
2024-03-03 00:46:18,663 - INFO - ***************************************************************************
2024-03-03 00:46:18,663 - INFO - Params loaded from file 'config/common_params.json'.
2024-03-03 00:46:18,670 - INFO - ***************************************************************************
2024-03-03 00:46:18,670 - INFO - Params loaded from file 'config/common_params.json'.
2024-03-03 00:46:18,686 - INFO - ***************************************************************************
2024-03-03 00:46:18,686 - INFO - Params loaded from file 'config/common_params.json'.
2024-03-03 00:46:18,795 - INFO - ***************************************************************************
2024-03-03 00:46:18,795 - INFO - ***************************************************************************
2024-03-03 00:46:18,795 - INFO - Params loaded from file 'config/common_params.json'.
2024-03-03 00:46:18,795 - INFO - Params loaded from file 'config/common_params.json'.
2024-03-03 00:46:18,813 - INFO - ***************************************************************************
2024-03-03 00:46:18,813 - INFO - Params loaded from file 'config/common_params.json'.
2024-03-03 00:46:18,842 - INFO - ***************************************************************************
2024-03-03 00:46:18,843 - INFO - Params loaded from file 'config/common_params.json'.
2024-03-03 00:46:19,164 - INFO - ***************************************************************************
2024-03-03 00:46:19,164 - INFO - Params loaded from file 'config/common_params.json'.
2024-03-03 00:46:19,201 - INFO - ***************************************************************************
2024-03-03 00:46:19,201 - INFO - Params loaded from file 'config/common_params.json'.
2024-03-03 00:46:53,139 - INFO - History bars data  stored to file.
2024-03-03 00:47:32,689 - INFO - ***************************************************************************
2024-03-03 00:47:32,689 - INFO - Params loaded from file 'config/common_params.json'.
2024-03-03 00:47:34,334 - INFO - Gathering history candles data...
2024-03-03 00:47:36,304 - INFO - ***************************************************************************
2024-03-03 00:47:36,304 - INFO - Params loaded from file 'config/common_params.json'.
2024-03-03 00:47:36,326 - INFO - ***************************************************************************
2024-03-03 00:47:36,326 - INFO - Params loaded from file 'config/common_params.json'.
2024-03-03 00:47:36,335 - INFO - ***************************************************************************
2024-03-03 00:47:36,335 - INFO - Params loaded from file 'config/common_params.json'.
2024-03-03 00:47:36,363 - INFO - ***************************************************************************
2024-03-03 00:47:36,363 - INFO - Params loaded from file 'config/common_params.json'.
2024-03-03 00:47:36,368 - INFO - ***************************************************************************
2024-03-03 00:47:36,369 - INFO - Params loaded from file 'config/common_params.json'.
2024-03-03 00:47:36,401 - INFO - ***************************************************************************
2024-03-03 00:47:36,401 - INFO - Params loaded from file 'config/common_params.json'.
2024-03-03 00:47:36,407 - INFO - ***************************************************************************
2024-03-03 00:47:36,408 - INFO - Params loaded from file 'config/common_params.json'.
2024-03-03 00:47:36,601 - INFO - ***************************************************************************
2024-03-03 00:47:36,601 - INFO - Params loaded from file 'config/common_params.json'.
2024-03-03 00:47:36,632 - INFO - ***************************************************************************
2024-03-03 00:47:36,632 - INFO - Params loaded from file 'config/common_params.json'.
2024-03-03 00:47:36,661 - INFO - ***************************************************************************
2024-03-03 00:47:36,661 - INFO - Params loaded from file 'config/common_params.json'.
2024-03-03 00:47:36,667 - INFO - ***************************************************************************
2024-03-03 00:47:36,667 - INFO - Params loaded from file 'config/common_params.json'.
2024-03-03 00:47:36,707 - INFO - ***************************************************************************
2024-03-03 00:47:36,707 - INFO - Params loaded from file 'config/common_params.json'.
2024-03-03 00:47:36,728 - INFO - ***************************************************************************
2024-03-03 00:47:36,728 - INFO - Params loaded from file 'config/common_params.json'.
2024-03-03 00:47:36,733 - INFO - ***************************************************************************
2024-03-03 00:47:36,733 - INFO - Params loaded from file 'config/common_params.json'.
2024-03-03 00:47:36,798 - INFO - ***************************************************************************
2024-03-03 00:47:36,798 - INFO - Params loaded from file 'config/common_params.json'.
2024-03-03 00:47:36,901 - INFO - ***************************************************************************
2024-03-03 00:47:36,901 - INFO - Params loaded from file 'config/common_params.json'.
2024-03-03 00:48:10,137 - INFO - History bars data  stored to file.
2024-03-03 17:38:43,912 - INFO - ***************************************************************************
2024-03-03 17:38:43,912 - INFO - Params loaded from file 'config/common_params.json'.
2024-03-03 17:38:45,571 - INFO - Gathering history candles data...
2024-03-03 17:38:47,693 - INFO - ***************************************************************************
2024-03-03 17:38:47,693 - INFO - Params loaded from file 'config/common_params.json'.
2024-03-03 17:38:47,706 - INFO - ***************************************************************************
2024-03-03 17:38:47,707 - INFO - Params loaded from file 'config/common_params.json'.
2024-03-03 17:38:47,721 - INFO - ***************************************************************************
2024-03-03 17:38:47,721 - INFO - Params loaded from file 'config/common_params.json'.
2024-03-03 17:38:47,755 - INFO - ***************************************************************************
2024-03-03 17:38:47,755 - INFO - Params loaded from file 'config/common_params.json'.
2024-03-03 17:38:47,792 - INFO - ***************************************************************************
2024-03-03 17:38:47,792 - INFO - Params loaded from file 'config/common_params.json'.
2024-03-03 17:38:47,829 - INFO - ***************************************************************************
2024-03-03 17:38:47,829 - INFO - Params loaded from file 'config/common_params.json'.
2024-03-03 17:38:47,872 - INFO - ***************************************************************************
2024-03-03 17:38:47,872 - INFO - Params loaded from file 'config/common_params.json'.
2024-03-03 17:38:47,876 - INFO - ***************************************************************************
2024-03-03 17:38:47,876 - INFO - Params loaded from file 'config/common_params.json'.
2024-03-03 17:38:47,906 - INFO - ***************************************************************************
2024-03-03 17:38:47,906 - INFO - Params loaded from file 'config/common_params.json'.
2024-03-03 17:38:47,954 - INFO - ***************************************************************************
2024-03-03 17:38:47,954 - INFO - Params loaded from file 'config/common_params.json'.
2024-03-03 17:38:47,963 - INFO - ***************************************************************************
2024-03-03 17:38:47,963 - INFO - Params loaded from file 'config/common_params.json'.
2024-03-03 17:38:47,993 - INFO - ***************************************************************************
2024-03-03 17:38:47,993 - INFO - Params loaded from file 'config/common_params.json'.
2024-03-03 17:38:48,226 - INFO - ***************************************************************************
2024-03-03 17:38:48,226 - INFO - Params loaded from file 'config/common_params.json'.
2024-03-03 17:38:48,273 - INFO - ***************************************************************************
2024-03-03 17:38:48,273 - INFO - Params loaded from file 'config/common_params.json'.
2024-03-03 17:38:48,297 - INFO - ***************************************************************************
2024-03-03 17:38:48,297 - INFO - Params loaded from file 'config/common_params.json'.
2024-03-03 17:38:48,336 - INFO - ***************************************************************************
2024-03-03 17:38:48,336 - INFO - Params loaded from file 'config/common_params.json'.
2024-03-03 17:39:22,035 - INFO - History bars data  stored to file.
2024-03-03 17:43:52,306 - INFO - ***************************************************************************
2024-03-03 17:43:52,306 - INFO - Params loaded from file 'config/common_params.json'.
2024-03-03 17:43:53,967 - INFO - Gathering history candles data...
2024-03-03 17:43:55,959 - INFO - ***************************************************************************
2024-03-03 17:43:55,959 - INFO - Params loaded from file 'config/common_params.json'.
2024-03-03 17:43:55,996 - INFO - ***************************************************************************
2024-03-03 17:43:55,996 - INFO - Params loaded from file 'config/common_params.json'.
2024-03-03 17:43:56,017 - INFO - ***************************************************************************
2024-03-03 17:43:56,017 - INFO - Params loaded from file 'config/common_params.json'.
2024-03-03 17:43:56,021 - INFO - ***************************************************************************
2024-03-03 17:43:56,021 - INFO - Params loaded from file 'config/common_params.json'.
2024-03-03 17:43:56,041 - INFO - ***************************************************************************
2024-03-03 17:43:56,041 - INFO - Params loaded from file 'config/common_params.json'.
2024-03-03 17:43:56,161 - INFO - ***************************************************************************
2024-03-03 17:43:56,162 - INFO - Params loaded from file 'config/common_params.json'.
2024-03-03 17:43:56,170 - INFO - ***************************************************************************
2024-03-03 17:43:56,170 - INFO - Params loaded from file 'config/common_params.json'.
2024-03-03 17:43:56,207 - INFO - ***************************************************************************
2024-03-03 17:43:56,207 - INFO - Params loaded from file 'config/common_params.json'.
2024-03-03 17:43:56,231 - INFO - ***************************************************************************
2024-03-03 17:43:56,232 - INFO - Params loaded from file 'config/common_params.json'.
2024-03-03 17:43:56,270 - INFO - ***************************************************************************
2024-03-03 17:43:56,270 - INFO - Params loaded from file 'config/common_params.json'.
2024-03-03 17:43:56,317 - INFO - ***************************************************************************
2024-03-03 17:43:56,318 - INFO - Params loaded from file 'config/common_params.json'.
2024-03-03 17:43:56,366 - INFO - ***************************************************************************
2024-03-03 17:43:56,366 - INFO - Params loaded from file 'config/common_params.json'.
2024-03-03 17:43:56,413 - INFO - ***************************************************************************
2024-03-03 17:43:56,413 - INFO - Params loaded from file 'config/common_params.json'.
2024-03-03 17:43:56,590 - INFO - ***************************************************************************
2024-03-03 17:43:56,590 - INFO - Params loaded from file 'config/common_params.json'.
2024-03-03 17:43:56,604 - INFO - ***************************************************************************
2024-03-03 17:43:56,604 - INFO - Params loaded from file 'config/common_params.json'.
2024-03-03 17:43:56,607 - INFO - ***************************************************************************
2024-03-03 17:43:56,607 - INFO - Params loaded from file 'config/common_params.json'.
2024-03-03 17:44:30,612 - ERROR - load_futures_history_bars_end exception: [Errno 2] No such file or directory: '/signals/2024-03-03.txt'
2024-03-03 17:45:12,315 - INFO - ***************************************************************************
2024-03-03 17:45:12,315 - INFO - Params loaded from file 'config/common_params.json'.
2024-03-03 17:45:13,977 - INFO - Gathering history candles data...
2024-03-03 17:45:16,143 - INFO - ***************************************************************************
2024-03-03 17:45:16,143 - INFO - Params loaded from file 'config/common_params.json'.
2024-03-03 17:45:16,213 - INFO - ***************************************************************************
2024-03-03 17:45:16,213 - INFO - Params loaded from file 'config/common_params.json'.
2024-03-03 17:45:16,257 - INFO - ***************************************************************************
2024-03-03 17:45:16,257 - INFO - Params loaded from file 'config/common_params.json'.
2024-03-03 17:45:16,276 - INFO - ***************************************************************************
2024-03-03 17:45:16,276 - INFO - Params loaded from file 'config/common_params.json'.
2024-03-03 17:45:16,280 - INFO - ***************************************************************************
2024-03-03 17:45:16,280 - INFO - Params loaded from file 'config/common_params.json'.
2024-03-03 17:45:16,320 - INFO - ***************************************************************************
2024-03-03 17:45:16,320 - INFO - Params loaded from file 'config/common_params.json'.
2024-03-03 17:45:16,340 - INFO - ***************************************************************************
2024-03-03 17:45:16,341 - INFO - Params loaded from file 'config/common_params.json'.
2024-03-03 17:45:16,362 - INFO - ***************************************************************************
2024-03-03 17:45:16,362 - INFO - ***************************************************************************
2024-03-03 17:45:16,362 - INFO - Params loaded from file 'config/common_params.json'.
2024-03-03 17:45:16,362 - INFO - Params loaded from file 'config/common_params.json'.
2024-03-03 17:45:16,383 - INFO - ***************************************************************************
2024-03-03 17:45:16,383 - INFO - Params loaded from file 'config/common_params.json'.
2024-03-03 17:45:16,385 - INFO - ***************************************************************************
2024-03-03 17:45:16,386 - INFO - Params loaded from file 'config/common_params.json'.
2024-03-03 17:45:16,423 - INFO - ***************************************************************************
2024-03-03 17:45:16,423 - INFO - Params loaded from file 'config/common_params.json'.
2024-03-03 17:45:16,427 - INFO - ***************************************************************************
2024-03-03 17:45:16,427 - INFO - Params loaded from file 'config/common_params.json'.
2024-03-03 17:45:16,462 - INFO - ***************************************************************************
2024-03-03 17:45:16,462 - INFO - Params loaded from file 'config/common_params.json'.
2024-03-03 17:45:16,485 - INFO - ***************************************************************************
2024-03-03 17:45:16,485 - INFO - Params loaded from file 'config/common_params.json'.
2024-03-03 17:45:16,496 - INFO - ***************************************************************************
2024-03-03 17:45:16,497 - INFO - Params loaded from file 'config/common_params.json'.
2024-03-03 17:45:51,344 - INFO - History bars data  stored to file.
2024-03-03 23:30:34,116 - INFO - ***************************************************************************
2024-03-03 23:30:34,116 - INFO - Params loaded from file 'config/common_params.json'.
2024-03-03 23:31:10,977 - INFO - ***************************************************************************
2024-03-03 23:31:10,977 - INFO - Params loaded from file 'config/common_params.json'.
2024-03-03 23:40:20,082 - INFO - ***************************************************************************
2024-03-03 23:40:20,082 - INFO - Params loaded from file 'config/common_params.json'.
2024-03-03 23:42:47,834 - INFO - ***************************************************************************
2024-03-03 23:42:47,834 - INFO - Params loaded from file 'config/common_params.json'.
2024-03-03 23:43:26,746 - INFO - ***************************************************************************
2024-03-03 23:43:26,746 - INFO - Params loaded from file 'config/common_params.json'.
2024-03-03 23:43:53,534 - INFO - ***************************************************************************
2024-03-03 23:43:53,534 - INFO - Params loaded from file 'config/common_params.json'.
2024-03-03 23:48:49,688 - INFO - ***************************************************************************
2024-03-03 23:48:49,688 - INFO - Params loaded from file 'config/common_params.json'.
2024-03-03 23:49:02,052 - INFO - ***************************************************************************
2024-03-03 23:49:02,053 - INFO - Params loaded from file 'config/common_params.json'.
2024-03-03 23:49:39,114 - INFO - ***************************************************************************
2024-03-03 23:49:39,114 - INFO - Params loaded from file 'config/common_params.json'.
2024-03-03 23:51:07,865 - INFO - ***************************************************************************
2024-03-03 23:51:07,865 - INFO - Params loaded from file 'config/common_params.json'.
2024-03-03 23:51:52,959 - INFO - ***************************************************************************
2024-03-03 23:51:52,959 - INFO - Params loaded from file 'config/common_params.json'.
2024-03-03 23:51:52,960 - INFO - 
SUIUSDC: LONG
WIFUSDT: SHORT
BNBUSDC: SHORT
MEMEUSDT: SHORT
BSVUSDT: LONG
FRONTUSDT: SHORT
XVGUSDT: LONG
COMBOUSDT: SHORT
1000PEPEUSDT: SHORT
TLMUSDT: SHORT
CKBUSDT: LONG
BNXUSDT: SHORT
AGIXUSDT: SHORT
FETUSDT: SHORT
INJUSDT: LONG
ROSEUSDT: LONG
PEOPLEUSDT: LONG
OMGUSDT: SHORT

2024-03-03 23:52:48,793 - INFO - ***************************************************************************
2024-03-03 23:52:48,793 - INFO - Params loaded from file 'config/common_params.json'.
2024-03-03 23:52:48,794 - INFO - 
SUIUSDC: LONG

WIFUSDT: SHORT

BNBUSDC: SHORT

MEMEUSDT: SHORT

BSVUSDT: LONG

FRONTUSDT: SHORT

XVGUSDT: LONG

COMBOUSDT: SHORT

1000PEPEUSDT: SHORT

TLMUSDT: SHORT

CKBUSDT: LONG

BNXUSDT: SHORT

AGIXUSDT: SHORT

FETUSDT: SHORT

INJUSDT: LONG

ROSEUSDT: LONG

PEOPLEUSDT: LONG

OMGUSDT: SHORT


2024-03-03 23:56:28,472 - INFO - ***************************************************************************
2024-03-03 23:56:28,472 - INFO - Params loaded from file 'config/common_params.json'.
2024-03-03 23:56:30,110 - INFO - Gathering history candles data...
2024-03-03 23:56:32,287 - INFO - ***************************************************************************
2024-03-03 23:56:32,287 - INFO - Params loaded from file 'config/common_params.json'.
2024-03-03 23:56:32,334 - INFO - ***************************************************************************
2024-03-03 23:56:32,335 - INFO - Params loaded from file 'config/common_params.json'.
2024-03-03 23:56:32,355 - INFO - ***************************************************************************
2024-03-03 23:56:32,355 - INFO - Params loaded from file 'config/common_params.json'.
2024-03-03 23:56:32,356 - INFO - ***************************************************************************
2024-03-03 23:56:32,356 - INFO - Params loaded from file 'config/common_params.json'.
2024-03-03 23:56:32,365 - INFO - ***************************************************************************
2024-03-03 23:56:32,365 - INFO - Params loaded from file 'config/common_params.json'.
2024-03-03 23:56:32,368 - INFO - ***************************************************************************
2024-03-03 23:56:32,368 - INFO - Params loaded from file 'config/common_params.json'.
2024-03-03 23:56:32,391 - INFO - ***************************************************************************
2024-03-03 23:56:32,391 - INFO - Params loaded from file 'config/common_params.json'.
2024-03-03 23:56:32,425 - INFO - ***************************************************************************
2024-03-03 23:56:32,425 - INFO - Params loaded from file 'config/common_params.json'.
2024-03-03 23:56:32,430 - INFO - ***************************************************************************
2024-03-03 23:56:32,430 - INFO - Params loaded from file 'config/common_params.json'.
2024-03-03 23:56:32,439 - INFO - ***************************************************************************
2024-03-03 23:56:32,440 - INFO - Params loaded from file 'config/common_params.json'.
2024-03-03 23:56:32,440 - INFO - ***************************************************************************
2024-03-03 23:56:32,440 - INFO - Params loaded from file 'config/common_params.json'.
2024-03-03 23:56:32,472 - INFO - ***************************************************************************
2024-03-03 23:56:32,472 - INFO - Params loaded from file 'config/common_params.json'.
2024-03-03 23:56:32,511 - INFO - ***************************************************************************
2024-03-03 23:56:32,511 - INFO - Params loaded from file 'config/common_params.json'.
*********************
2024-03-03 23:56:32,512 - INFO - Params loaded from file 'config/common_params.json'.
2024-03-03 23:56:32,550 - INFO - ***************************************************************************
2024-03-03 23:56:32,550 - INFO - Params loaded from file 'config/common_params.json'.
2024-03-03 23:56:32,723 - INFO - ***************************************************************************
2024-03-03 23:56:32,723 - INFO - Params loaded from file 'config/common_params.json'.
2024-03-03 23:57:05,035 - INFO - History bars data  stored to file.
2024-03-03 23:57:52,143 - INFO - ***************************************************************************
2024-03-03 23:57:52,143 - INFO - Params loaded from file 'config/common_params.json'.
2024-03-03 23:57:52,144 - INFO - 
TIAUSDT: LONG

POLYXUSDT: SHORT

BSVUSDT: LONG

TLMUSDT: SHORT

WOOUSDT: SHORT

PEOPLEUSDT: LONG

AUDIOUSDT: SHORT

REEFUSDT: SHORT

DOGEUSDT: SHORT

OMGUSDT: SHORT

BNBUSDT: SHORT


