2024-03-04 00:12:51,079 - INFO - ***************************************************************************
2024-03-04 00:12:51,079 - INFO - Params loaded from file 'config/common_params.json'.
2024-03-04 00:20:18,417 - INFO - ***************************************************************************
2024-03-04 00:20:18,417 - INFO - Params loaded from file 'config/common_params.json'.
2024-03-04 00:20:19,087 - INFO - Gathering history candles data...
2024-03-04 00:20:21,290 - INFO - ***************************************************************************
2024-03-04 00:20:21,291 - INFO - Params loaded from file 'config/common_params.json'.
2024-03-04 00:20:21,311 - INFO - ***************************************************************************
2024-03-04 00:20:21,311 - INFO - Params loaded from file 'config/common_params.json'.
2024-03-04 00:20:21,324 - INFO - ***************************************************************************
2024-03-04 00:20:21,324 - INFO - Params loaded from file 'config/common_params.json'.
2024-03-04 00:20:21,333 - INFO - ***************************************************************************
2024-03-04 00:20:21,333 - INFO - Params loaded from file 'config/common_params.json'.
2024-03-04 00:20:21,347 - INFO - ***************************************************************************
2024-03-04 00:20:21,348 - INFO - Params loaded from file 'config/common_params.json'.
2024-03-04 00:20:21,353 - INFO - ***************************************************************************
2024-03-04 00:20:21,353 - INFO - ***************************************************************************
2024-03-04 00:20:21,353 - INFO - Params loaded from file 'config/common_params.json'.
2024-03-04 00:20:21,353 - INFO - Params loaded from file 'config/common_params.json'.
2024-03-04 00:20:21,377 - INFO - ***************************************************************************
2024-03-04 00:20:21,378 - INFO - Params loaded from file 'config/common_params.json'.
2024-03-04 00:20:21,581 - INFO - ***************************************************************************
2024-03-04 00:20:21,581 - INFO - Params loaded from file 'config/common_params.json'.
2024-03-04 00:20:21,582 - INFO - ***************************************************************************
2024-03-04 00:20:21,583 - INFO - Params loaded from file 'config/common_params.json'.
2024-03-04 00:20:21,596 - INFO - ***************************************************************************
2024-03-04 00:20:21,596 - INFO - Params loaded from file 'config/common_params.json'.
2024-03-04 00:20:21,605 - INFO - ***************************************************************************
2024-03-04 00:20:21,605 - INFO - Params loaded from file 'config/common_params.json'.
2024-03-04 00:20:21,630 - INFO - ***************************************************************************
2024-03-04 00:20:21,630 - INFO - Params loaded from file 'config/common_params.json'.
2024-03-04 00:20:21,645 - INFO - ***************************************************************************
2024-03-04 00:20:21,645 - INFO - Params loaded from file 'config/common_params.json'.
2024-03-04 00:20:21,650 - INFO - ***************************************************************************
2024-03-04 00:20:21,650 - INFO - Params loaded from file 'config/common_params.json'.
2024-03-04 00:20:21,672 - INFO - ***************************************************************************
2024-03-04 00:20:21,672 - INFO - Params loaded from file 'config/common_params.json'.
2024-03-04 00:20:22,371 - INFO - BNBUSDT: CLOSE: 415.230 > 411.170 > 407.650 VOL: 1008191.38 < 784123.67 < 835071.30 => SHORT
2024-03-04 00:20:22,383 - INFO - OMGUSDT: CLOSE: 1.1583 > 1.0740 > 0.9702 VOL: 177329905.9 < 38151594.4 < 59840084.6 => SHORT
2024-03-04 00:20:23,298 - INFO - DOGEUSDT: CLOSE: 0.154170 > 0.142190 > 0.139530 VOL: 14421190135 < 15111767967 < 19044188254 => SHORT
2024-03-04 00:20:23,536 - INFO - FLMUSDT: CLOSE: 0.1236 > 0.1235 > 0.1148 VOL: 269387425 < 287918685 < 519365429 => SHORT
2024-03-04 00:20:26,794 - INFO - REEFUSDT: CLOSE: 0.002668 > 0.002567 > 0.002313 VOL: 12915526971 < 16500597934 < 7354277414 => SHORT
2024-03-04 00:20:26,969 - INFO - STMXUSDT: CLOSE: 0.01053 > 0.01048 > 0.01011 VOL: 4897761692 < 5566734530 < 6679545956 => SHORT
2024-03-04 00:20:28,046 - INFO - WOOUSDT: CLOSE: 0.61584 > 0.54512 > 0.52876 VOL: 165783859 < 56613332 < 59394993 => SHORT
2024-03-04 00:20:28,809 - INFO - KLAYUSDT: CLOSE: 0.3115 > 0.3102 > 0.2785 VOL: 157843274.4 < 179176442.7 < 89048171.1 => SHORT
2024-03-04 00:20:28,837 - INFO - PEOPLEUSDT: CLOSE: 0.04691 < 0.04906 < 0.04957 VOL: 5446677391 < 6687373199 < 9472138685 => LONG
2024-03-04 00:20:29,723 - INFO - AUDIOUSDT: CLOSE: 0.3669 > 0.3139 > 0.3048 VOL: 226226108 < 53474787 < 63849811 => SHORT
2024-03-04 00:20:34,079 - INFO - BSVUSDT: CLOSE: 109.31000 < 113.35000 < 84.98000 VOL: 2226822.5 < 2796468.0 < 305125.0 => LONG
2024-03-04 00:20:35,472 - INFO - TIAUSDT: CLOSE: 16.3499000 < 16.7640000 < 17.0005000 VOL: 12083536 < 8825816 < 9191595 => LONG
2024-03-04 00:20:36,395 - INFO - POLYXUSDT: CLOSE: 0.2357700 > 0.2230100 > 0.2145300 VOL: 156975067 < 86249375 < 86889754 => SHORT
2024-03-04 00:20:40,283 - INFO - History bars data  stored to file.
2024-03-04 00:22:57,605 - INFO - ***************************************************************************
2024-03-04 00:22:57,605 - INFO - Params loaded from file 'config/common_params.json'.
2024-03-04 00:22:59,260 - INFO - Gathering history candles data...
2024-03-04 00:23:04,859 - INFO - ***************************************************************************
2024-03-04 00:23:04,859 - INFO - Params loaded from file 'config/common_params.json'.
2024-03-04 00:23:06,513 - INFO - Gathering history candles data...
2024-03-04 00:23:09,085 - INFO - ***************************************************************************
2024-03-04 00:23:09,085 - INFO - Params loaded from file 'config/common_params.json'.
2024-03-04 00:23:09,862 - INFO - ***************************************************************************
2024-03-04 00:23:09,862 - INFO - Params loaded from file 'config/common_params.json'.
2024-03-04 00:23:10,520 - INFO - ***************************************************************************
2024-03-04 00:23:10,520 - INFO - Params loaded from file 'config/common_params.json'.
2024-03-04 00:23:11,226 - INFO - ***************************************************************************
2024-03-04 00:23:11,226 - INFO - Params loaded from file 'config/common_params.json'.
2024-03-04 00:23:11,836 - INFO - ***************************************************************************
2024-03-04 00:23:11,837 - INFO - Params loaded from file 'config/common_params.json'.
2024-03-04 00:23:12,542 - INFO - ***************************************************************************
2024-03-04 00:23:12,542 - INFO - Params loaded from file 'config/common_params.json'.
2024-03-04 00:23:13,154 - INFO - ***************************************************************************
2024-03-04 00:23:13,154 - INFO - Params loaded from file 'config/common_params.json'.
2024-03-04 00:23:13,784 - INFO - ***************************************************************************
2024-03-04 00:23:13,784 - INFO - Params loaded from file 'config/common_params.json'.
2024-03-04 00:23:14,528 - INFO - ***************************************************************************
2024-03-04 00:23:14,528 - INFO - Params loaded from file 'config/common_params.json'.
2024-03-04 00:23:15,135 - INFO - ***************************************************************************
2024-03-04 00:23:15,135 - INFO - Params loaded from file 'config/common_params.json'.
2024-03-04 00:23:15,914 - INFO - ***************************************************************************
2024-03-04 00:23:15,914 - INFO - Params loaded from file 'config/common_params.json'.
2024-03-04 00:23:16,673 - INFO - ***************************************************************************
2024-03-04 00:23:16,673 - INFO - Params loaded from file 'config/common_params.json'.
2024-03-04 00:23:17,771 - INFO - ***************************************************************************
2024-03-04 00:23:17,772 - INFO - Params loaded from file 'config/common_params.json'.
2024-03-04 00:23:18,267 - INFO - ***************************************************************************
2024-03-04 00:23:18,267 - INFO - Params loaded from file 'config/common_params.json'.
2024-03-04 00:23:18,899 - INFO - ***************************************************************************
2024-03-04 00:23:18,899 - INFO - Params loaded from file 'config/common_params.json'.
2024-03-04 00:23:19,108 - INFO - ***************************************************************************
2024-03-04 00:23:19,108 - INFO - Params loaded from file 'config/common_params.json'.
2024-03-04 00:23:30,468 - INFO - ***************************************************************************
2024-03-04 00:23:30,469 - INFO - Params loaded from file 'config/common_params.json'.
2024-03-04 00:23:31,174 - INFO - ***************************************************************************
2024-03-04 00:23:31,174 - INFO - Params loaded from file 'config/common_params.json'.
2024-03-04 00:23:31,953 - INFO - ***************************************************************************
2024-03-04 00:23:31,953 - INFO - Params loaded from file 'config/common_params.json'.
2024-03-04 00:23:32,758 - INFO - ***************************************************************************
2024-03-04 00:23:32,758 - INFO - Params loaded from file 'config/common_params.json'.
2024-03-04 00:23:33,472 - INFO - ***************************************************************************
2024-03-04 00:23:33,472 - INFO - Params loaded from file 'config/common_params.json'.
2024-03-04 00:23:34,391 - INFO - ***************************************************************************
2024-03-04 00:23:34,391 - INFO - Params loaded from file 'config/common_params.json'.
2024-03-04 00:23:35,174 - INFO - ***************************************************************************
2024-03-04 00:23:35,175 - INFO - Params loaded from file 'config/common_params.json'.
2024-03-04 00:23:36,079 - INFO - ***************************************************************************
2024-03-04 00:23:36,080 - INFO - Params loaded from file 'config/common_params.json'.
2024-03-04 00:23:36,923 - INFO - ***************************************************************************
2024-03-04 00:23:36,924 - INFO - Params loaded from file 'config/common_params.json'.
2024-03-04 00:23:37,809 - INFO - ***************************************************************************
2024-03-04 00:23:37,809 - INFO - Params loaded from file 'config/common_params.json'.
2024-03-04 00:23:38,581 - INFO - ***************************************************************************
2024-03-04 00:23:38,582 - INFO - Params loaded from file 'config/common_params.json'.
2024-03-04 00:23:39,833 - INFO - ***************************************************************************
2024-03-04 00:23:39,833 - INFO - Params loaded from file 'config/common_params.json'.
2024-03-04 00:23:40,586 - INFO - ***************************************************************************
2024-03-04 00:23:40,587 - INFO - Params loaded from file 'config/common_params.json'.
2024-03-04 00:23:41,499 - INFO - ***************************************************************************
2024-03-04 00:23:41,499 - INFO - Params loaded from file 'config/common_params.json'.
2024-03-04 00:23:41,831 - INFO - ***************************************************************************
2024-03-04 00:23:41,831 - INFO - Params loaded from file 'config/common_params.json'.
2024-03-04 00:23:42,115 - INFO - ***************************************************************************
2024-03-04 00:23:42,115 - INFO - Params loaded from file 'config/common_params.json'.
2024-03-04 00:24:13,261 - INFO - ***************************************************************************
2024-03-04 00:24:13,261 - INFO - Params loaded from file 'config/common_params.json'.
2024-03-04 00:24:14,902 - INFO - Gathering history candles data...
2024-03-04 00:24:16,940 - INFO - ***************************************************************************
2024-03-04 00:24:16,940 - INFO - Params loaded from file 'config/common_params.json'.
2024-03-04 00:24:16,958 - INFO - ***************************************************************************
2024-03-04 00:24:16,958 - INFO - Params loaded from file 'config/common_params.json'.
2024-03-04 00:24:16,994 - INFO - ***************************************************************************
2024-03-04 00:24:16,994 - INFO - Params loaded from file 'config/common_params.json'.
2024-03-04 00:24:17,027 - INFO - ***************************************************************************
2024-03-04 00:24:17,028 - INFO - Params loaded from file 'config/common_params.json'.
2024-03-04 00:24:17,059 - INFO - ***************************************************************************
2024-03-04 00:24:17,059 - INFO - Params loaded from file 'config/common_params.json'.
2024-03-04 00:24:17,103 - INFO - ***************************************************************************
2024-03-04 00:24:17,104 - INFO - Params loaded from file 'config/common_params.json'.
2024-03-04 00:24:17,256 - INFO - ***************************************************************************
2024-03-04 00:24:17,256 - INFO - Params loaded from file 'config/common_params.json'.
2024-03-04 00:24:17,274 - INFO - ***************************************************************************
2024-03-04 00:24:17,274 - INFO - Params loaded from file 'config/common_params.json'.
2024-03-04 00:24:17,285 - INFO - ***************************************************************************
2024-03-04 00:24:17,286 - INFO - Params loaded from file 'config/common_params.json'.
2024-03-04 00:24:17,312 - INFO - ***************************************************************************
2024-03-04 00:24:17,312 - INFO - Params loaded from file 'config/common_params.json'.
2024-03-04 00:24:17,336 - INFO - ***************************************************************************
2024-03-04 00:24:17,336 - INFO - Params loaded from file 'config/common_params.json'.
2024-03-04 00:24:17,344 - INFO - ***************************************************************************
2024-03-04 00:24:17,344 - INFO - Params loaded from file 'config/common_params.json'.
2024-03-04 00:24:17,348 - INFO - ***************************************************************************
2024-03-04 00:24:17,348 - INFO - Params loaded from file 'config/common_params.json'.
2024-03-04 00:24:17,418 - INFO - ***************************************************************************
2024-03-04 00:24:17,418 - INFO - Params loaded from file 'config/common_params.json'.
2024-03-04 00:24:17,471 - INFO - ***************************************************************************
2024-03-04 00:24:17,471 - INFO - Params loaded from file 'config/common_params.json'.
2024-03-04 00:24:17,552 - INFO - ***************************************************************************
2024-03-04 00:24:17,552 - INFO - Params loaded from file 'config/common_params.json'.
2024-03-04 00:24:20,554 - INFO - DOGEUSDT: CLOSE: 0.15398 > 0.14219 > 0.13953 VOL: 14445504372.0 < 15111767967.0 < 19044188254.0 => SHORT
2024-03-04 00:24:25,237 - INFO - COMPUSDT: CLOSE: 90.38 < 92.34 < 95.16 VOL: 748707.693 < 906962.27 < 1021371.616 => LONG
2024-03-04 00:24:26,786 - INFO - STMXUSDT: CLOSE: 0.01053 > 0.01048 > 0.01011 VOL: 4909302707.0 < 5566734530.0 < 6679545956.0 => SHORT
2024-03-04 00:24:30,302 - INFO - PEOPLEUSDT: CLOSE: 0.04695 < 0.04906 < 0.04957 VOL: 5450147002.0 < 6687373199.0 < 9472138685.0 => LONG
2024-03-04 00:24:37,379 - INFO - WAXPUSDT: CLOSE: 0.08142 < 0.0844 < 0.08945 VOL: 328524802.0 < 356605940.0 < 1014353110.0 => LONG
2024-03-04 00:24:42,349 - INFO - MBLUSDT: CLOSE: 0.005625 < 0.005859 < 0.006167 VOL: 3699694921.0 < 5973535680.0 < 16130013095.0 => LONG
2024-03-04 00:24:48,349 - INFO - OMUSDT: CLOSE: 0.27369 > 0.27246 > 0.27087 VOL: 52544860.1 < 55738683.7 < 160841278.5 => SHORT
2024-03-04 00:24:50,455 - INFO - History bars data  stored to file.
2024-03-04 00:25:53,956 - INFO - ***************************************************************************
2024-03-04 00:25:53,956 - INFO - Params loaded from file 'config/common_params.json'.
2024-03-04 00:25:53,957 - INFO - 
OMUSDT: SHORT

MBLUSDT: LONG

WAXPUSDT: LONG

PEOPLEUSDT: LONG

STMXUSDT: SHORT

DOGEUSDT: SHORT

COMPUSDT: LONG


2024-03-04 00:29:50,907 - INFO - ***************************************************************************
2024-03-04 00:29:50,907 - INFO - Params loaded from file 'config/common_params.json'.
2024-03-04 00:31:20,660 - INFO - ***************************************************************************
2024-03-04 00:31:20,660 - INFO - Params loaded from file 'config/common_params.json'.
