2024-03-10 10:39:30,425 - INFO - Gathering history candles data...
2024-03-10 10:39:32,378 - INFO - BTCUSDT: CLOSE: 68360.1 > 68180.2 > 66870.0 VOL: 94899.005 < 459387.207 => SHORT
2024-03-10 10:39:32,382 - INFO - RUNEUSDT: CLOSE: 8.271 > 7.266 > 6.976 VOL: 28081745.0 < 80530162.0 => SHORT
2024-03-10 10:39:32,389 - INFO - FTMUSDT: CLOSE: 0.7944 < 0.818 < 0.8491 VOL: 265915681.0 < 484464478.0 => LONG
2024-03-10 10:39:33,290 - INFO - ETHUSDT: CLOSE: 3908.15 > 3886.04 > 3871.69 VOL: 1056996.982 < 3605867.534 => SHORT
2024-03-10 10:39:33,290 - INFO - ZRXUSDT: CLOSE: 0.5785 > 0.5575 > 0.516 VOL: 94661234.1 < 188043236.6 => SHORT
2024-03-10 10:39:33,294 - INFO - SUSHIUSDT: CLOSE: 1.9553 < 1.9594 < 2.0036 VOL: 21147862.0 < 38529604.0 => LONG
2024-03-10 10:39:33,296 - INFO - ENJUSDT: CLOSE: 0.6315 > 0.5866 > 0.5669 VOL: 130565901.0 < 159205547.0 => SHORT
2024-03-10 10:39:34,196 - INFO - EGLDUSDT: CLOSE: 68.52 > 67.52 > 67.51 VOL: 526058.8 < 846471.3 => SHORT
2024-03-10 10:39:35,159 - INFO - OMGUSDT: CLOSE: 1.201 > 1.1913 > 1.1781 VOL: 16443391.9 < 29599760.8 => SHORT
2024-03-10 10:39:35,161 - INFO - RENUSDT: CLOSE: 0.09718 > 0.09324 > 0.09307 VOL: 116781445.0 < 170140403.0 => SHORT
2024-03-10 10:39:35,204 - INFO - BELUSDT: CLOSE: 0.9331 > 0.9037 > 0.9003 VOL: 16470468.0 < 16532868.0 => SHORT
2024-03-10 10:39:36,074 - INFO - KSMUSDT: CLOSE: 52.72 < 53.09 < 53.89 VOL: 311530.9 < 719899.8 => LONG
2024-03-10 10:39:36,079 - INFO - QTUMUSDT: CLOSE: 5.214 > 5.063 > 5.028 VOL: 9156984.4 < 12457743.9 => SHORT
2024-03-10 10:39:36,088 - INFO - DOGEUSDT: CLOSE: 0.17901 > 0.16467 > 0.15781 VOL: 11296684050.0 < 15279281290.0 => SHORT
2024-03-10 10:39:36,984 - INFO - NEARUSDT: CLOSE: 6.198 > 5.749 > 5.529 VOL: 97523526.0 < 105540389.0 => SHORT
2024-03-10 10:39:37,000 - INFO - STORJUSDT: CLOSE: 0.8727 > 0.8558 > 0.8147 VOL: 160987546.0 < 342788981.0 => SHORT
2024-03-10 10:39:37,002 - INFO - LTCUSDT: CLOSE: 90.77 > 88.42 > 88.1 VOL: 3005965.556 < 4378289.607 => SHORT
2024-03-10 10:39:37,906 - INFO - AAVEUSDT: CLOSE: 131.48 < 132.75 < 134.11 VOL: 527029.4 < 1078095.2 => LONG
2024-03-10 10:39:37,908 - INFO - TRXUSDT: CLOSE: 0.13583 < 0.13655 < 0.13717 VOL: 245508250.0 < 437826915.0 => LONG
2024-03-10 10:39:37,914 - INFO - BNBUSDT: CLOSE: 488.05 > 485.29 > 474.55 VOL: 1126548.51 < 2102162.4 => SHORT
2024-03-10 10:39:37,919 - INFO - THETAUSDT: CLOSE: 3.1766 > 3.0515 > 2.9558 VOL: 47738582.7 < 80983428.7 => SHORT
2024-03-10 10:39:37,920 - INFO - BALUSDT: CLOSE: 5.767 < 5.789 < 5.852 VOL: 1166879.9 < 1985020.7 => LONG
2024-03-10 10:39:37,967 - INFO - KAVAUSDT: CLOSE: 1.0338 > 1.0337 > 1.0153 VOL: 28703843.2 < 65501347.8 => SHORT
2024-03-10 10:39:37,975 - INFO - ALPHAUSDT: CLOSE: 0.18812 > 0.17315 > 0.17065 VOL: 154205165.0 < 220394278.0 => SHORT
2024-03-10 10:39:38,411 - INFO - BLZUSDT: CLOSE: 0.36207 > 0.34925 > 0.34439 VOL: 36680966.0 < 52556363.0 => SHORT
2024-03-10 10:39:38,814 - INFO - ATOMUSDT: CLOSE: 13.362 < 13.418 < 13.911 VOL: 10853828.3 < 16439162.21 => LONG
2024-03-10 10:39:38,829 - INFO - ALGOUSDT: CLOSE: 0.2697 < 0.2714 < 0.2803 VOL: 196096125.6 < 321854758.2 => LONG
2024-03-10 10:39:38,869 - INFO - BANDUSDT: CLOSE: 2.6108 > 2.5713 > 2.558 VOL: 5623466.4 < 8092494.2 => SHORT
2024-03-10 10:39:39,327 - INFO - UNIUSDT: CLOSE: 14.2 < 14.598 < 14.892 VOL: 16532681.0 < 21825947.0 => LONG
2024-03-10 10:39:40,667 - INFO - SFPUSDT: CLOSE: 0.8099 > 0.806 > 0.7988 VOL: 9210779.0 < 14502175.0 => SHORT
2024-03-10 10:39:40,679 - INFO - 1000XECUSDT: CLOSE: 0.06887 > 0.0675 > 0.06337 VOL: 1174199368.0 < 1272751554.0 => SHORT
2024-03-10 10:39:40,908 - INFO - WOOUSDT: CLOSE: 0.57704 < 0.58957 < 0.61108 VOL: 40179104.0 < 60567997.0 => LONG
2024-03-10 10:39:41,233 - INFO - 1000LUNCUSDT: CLOSE: 0.1965 > 0.19462 > 0.19059 VOL: 433038977.0 < 819051800.0 => SHORT
2024-03-10 10:39:41,581 - INFO - DENTUSDT: CLOSE: 0.002187 < 0.002202 < 0.002213 VOL: 6557937418.0 < 10807856136.0 => LONG
2024-03-10 10:39:41,619 - INFO - ANTUSDT: CLOSE: 9.902 > 9.848 > 9.815 VOL: 294459.9 < 821895.1 => SHORT
2024-03-10 10:39:42,152 - INFO - LUNA2USDT: CLOSE: 1.1338 < 1.1401 < 1.1595 VOL: 43534812.0 < 107260580.0 => LONG
2024-03-10 10:39:42,488 - INFO - CHZUSDT: CLOSE: 0.15511 > 0.15388 > 0.15155 VOL: 437861834.0 < 830951158.0 => SHORT
2024-03-10 10:39:42,505 - INFO - CELRUSDT: CLOSE: 0.03252 < 0.03272 < 0.03423 VOL: 271325834.0 < 599645677.0 => LONG
2024-03-10 10:39:43,075 - INFO - LDOUSDT: CLOSE: 3.3645 < 3.4165 < 3.4606 VOL: 15565075.0 < 30486468.0 => LONG
2024-03-10 10:39:43,422 - INFO - ARUSDT: CLOSE: 43.528 > 42.786 > 37.511 VOL: 3510665.7 < 4957098.4 => SHORT
2024-03-10 10:39:43,447 - INFO - HOTUSDT: CLOSE: 0.004173 > 0.004007 > 0.003998 VOL: 7870902392.0 < 10986044121.0 => SHORT
2024-03-10 10:39:43,995 - INFO - CVXUSDT: CLOSE: 4.947 < 4.97 < 5.209 VOL: 2100452.0 < 3522017.0 => LONG
2024-03-10 10:39:44,320 - INFO - ANKRUSDT: CLOSE: 0.05069 > 0.04964 > 0.04919 VOL: 1180823671.0 < 3059156958.0 => SHORT
2024-03-10 10:39:44,347 - INFO - KLAYUSDT: CLOSE: 0.2843 < 0.2895 < 0.2965 VOL: 47150333.0 < 101019414.0 => LONG
2024-03-10 10:39:45,252 - INFO - LITUSDT: CLOSE: 1.495 < 1.535 < 1.543 VOL: 9060648.1 < 17048294.0 => LONG
2024-03-10 10:39:45,255 - INFO - C98USDT: CLOSE: 0.4289 > 0.4211 > 0.4115 VOL: 54331170.0 < 76005657.0 => SHORT
2024-03-10 10:39:45,285 - INFO - IMXUSDT: CLOSE: 3.5336 > 3.3775 > 3.3424 VOL: 24332386.0 < 26239551.0 => SHORT
2024-03-10 10:39:45,570 - INFO - INJUSDT: CLOSE: 40.93 < 41.49 < 42.91 VOL: 3621456.5 < 6084336.0 => LONG
2024-03-10 10:39:45,868 - INFO - APTUSDT: CLOSE: 13.164 < 13.235 < 13.259 VOL: 12040082.7 < 21141177.7 => LONG
2024-03-10 10:39:46,796 - INFO - QNTUSDT: CLOSE: 120.69 < 123.93 < 126.88 VOL: 119365.3 < 169713.5 => LONG
2024-03-10 10:39:47,135 - INFO - DGBUSDT: CLOSE: 0.01571 > 0.01503 > 0.01493 VOL: 405147423.0 < 804822472.0 => SHORT
2024-03-10 10:39:47,433 - INFO - FOOTBALLUSDT: CLOSE: 595.5 > 595.48 > 550.39 VOL: 8598.08 < 41301.96 => SHORT
2024-03-10 10:39:47,732 - INFO - BLUEBIRDUSDT: CLOSE: 14.766 > 14.204 > 13.813 VOL: 170412.3 < 328095.9 => SHORT
2024-03-10 10:39:48,023 - INFO - RVNUSDT: CLOSE: 0.02802 < 0.02812 < 0.02818 VOL: 456021359.0 < 667113308.0 => LONG
2024-03-10 10:39:48,026 - INFO - DYDXUSDT: CLOSE: 4.195 < 4.202 < 4.373 VOL: 29454927.3 < 48604024.3 => LONG
2024-03-10 10:39:48,651 - INFO - FETUSDT: CLOSE: 3.0839 > 2.7483 > 2.579 VOL: 193078375.0 < 265642593.0 => SHORT
2024-03-10 10:39:48,956 - INFO - PHBUSDT: CLOSE: 3.7403 > 3.6083 > 3.4654 VOL: 52668303.0 < 88083788.0 => SHORT
2024-03-10 10:39:49,272 - INFO - HIFIUSDT: CLOSE: 0.8064 > 0.7884 > 0.779 VOL: 28818104.0 < 29326519.0 => SHORT
2024-03-10 10:39:49,878 - INFO - GMXUSDT: CLOSE: 55.89 < 56.19 < 57.07 VOL: 218144.64 < 506497.94 => LONG
2024-03-10 10:39:50,807 - INFO - CFXUSDT: CLOSE: 0.3248 < 0.3289 < 0.3557 VOL: 200479737.0 < 676123994.0 => LONG
2024-03-10 10:39:52,203 - INFO - TUSDT: CLOSE: 0.03609 > 0.03509 > 0.03493 VOL: 338879128.0 < 640763139.0 => SHORT
2024-03-10 10:39:52,222 - INFO - STXUSDT: CLOSE: 2.8105 < 2.8339 < 2.9079 VOL: 21787151.0 < 55871500.0 => LONG
2024-03-10 10:39:52,224 - INFO - IDUSDT: CLOSE: 0.8411 > 0.7906 > 0.7357 VOL: 128404538.0 < 180107969.0 => SHORT
2024-03-10 10:39:53,146 - INFO - ARBUSDT: CLOSE: 2.0991 < 2.1359 < 2.1672 VOL: 131591264.1 < 300753509.9 => LONG
2024-03-10 10:39:53,892 - INFO - BTCUSDT: CLOSE: 68360.1 > 68180.2 > 66870.0 VOL: 94899.005 < 459387.207 => SHORT
2024-03-10 10:39:54,536 - INFO - HIGHUSDT: CLOSE: 2.3574 > 2.2112 > 2.1297 VOL: 10203852.5 < 11708237.0 => SHORT
2024-03-10 10:39:55,317 - INFO - ETHUSDT: CLOSE: 3908.15 > 3886.04 > 3871.69 VOL: 1056996.982 < 3605867.534 => SHORT
2024-03-10 10:39:55,951 - INFO - SSVUSDT: CLOSE: 37.48 > 36.62 > 36.42 VOL: 730749.25 < 857021.54 => SHORT
2024-03-10 10:39:56,131 - INFO - RIFUSDT: CLOSE: 0.26136 > 0.25568 > 0.23061 VOL: 52161534.0 < 106134869.0 => SHORT
2024-03-10 10:39:56,624 - INFO - AMBUSDT: CLOSE: 0.014505 < 0.015291 < 0.016258 VOL: 1413759759.0 < 7295053159.0 => LONG
2024-03-10 10:39:56,822 - INFO - 1000FLOKIUSDT: CLOSE: 0.23884 > 0.23232 > 0.13966 VOL: 6011869462.0 < 11656601355.0 => SHORT
2024-03-10 10:39:56,863 - INFO - SEIUSDT: CLOSE: 0.9019 < 0.9266 < 0.9304 VOL: 301359800.0 < 554517291.0 => LONG
2024-03-10 10:39:57,311 - INFO - AGIXUSDT: CLOSE: 1.3936 > 1.2043 > 1.1802 VOL: 232121132.0 < 295900707.0 => SHORT
2024-03-10 10:39:57,536 - INFO - LEVERUSDT: CLOSE: 0.0027903 > 0.0027367 > 0.0025808 VOL: 8846044331.0 < 25610389775.0 => SHORT
2024-03-10 10:39:57,630 - INFO - LOOMUSDT: CLOSE: 0.1139 > 0.1103 > 0.11011 VOL: 161781257.0 < 204498397.0 => SHORT
2024-03-10 10:39:58,292 - INFO - PERPUSDT: CLOSE: 1.6357 > 1.5997 > 1.5553 VOL: 16741014.4 < 17541926.0 => SHORT
2024-03-10 10:39:58,466 - INFO - SUPERUSDT: CLOSE: 1.4568 < 1.4952 < 1.519 VOL: 18198704.0 < 25306303.0 => LONG
2024-03-10 10:39:58,710 - INFO - MAVIAUSDT: CLOSE: 8.0341 > 7.4855 > 6.4704 VOL: 7206213.5 < 13116658.9 => SHORT
2024-03-10 10:39:59,618 - INFO - GLMUSDT: CLOSE: 0.7051 > 0.652 > 0.6118 VOL: 116777125.0 < 147951478.0 => SHORT
2024-03-10 10:40:00,377 - INFO - BTCUSDT: CLOSE: 68360.1 > 68180.2 > 66870.0 VOL: 94899.005 < 459387.207 => SHORT
2024-03-10 10:40:01,296 - INFO - ETHUSDT: CLOSE: 3908.15 > 3886.04 > 3871.69 VOL: 1056996.982 < 3605867.534 => SHORT
2024-03-10 10:40:01,470 - INFO - TONUSDT: CLOSE: 2.8813 > 2.837 > 2.7557 VOL: 4578189.4 < 5133921.5 => SHORT
2024-03-10 10:40:01,860 - INFO - CAKEUSDT: CLOSE: 3.7376 > 3.6014 > 3.5982 VOL: 8206168.0 < 17212563.0 => SHORT
2024-03-10 10:40:01,880 - INFO - MBLUSDT: CLOSE: 0.006486 > 0.006023 > 0.005898 VOL: 2011454625.0 < 2280850539.0 => SHORT
2024-03-10 10:40:02,201 - INFO - AIUSDT: CLOSE: 2.26536 > 2.05685 > 2.01312 VOL: 122059116.0 < 151023330.0 => SHORT
2024-03-10 10:40:02,788 - INFO - KASUSDT: CLOSE: 0.14892 < 0.15016 < 0.1604 VOL: 252441967.0 < 280376595.0 => LONG
2024-03-10 10:40:04,033 - INFO - WIFUSDT: CLOSE: 2.171 > 2.1596 > 1.7088 VOL: 244635906.8 < 652308967.5 => SHORT
2024-03-10 10:40:04,625 - INFO - 1000BONKUSDT: CLOSE: 0.033906 > 0.031769 > 0.027062 VOL: 13404538178.0 < 25772030986.0 => SHORT
2024-03-10 10:40:04,951 - INFO - MANTAUSDT: CLOSE: 3.575 > 3.5364 > 3.4669 VOL: 43294017.8 < 74754220.0 => SHORT
2024-03-10 10:40:05,990 - INFO - ORDIUSDT: CLOSE: 76.567 < 76.905 < 77.218 VOL: 4195222.1 < 7748520.6 => LONG
2024-03-10 10:40:06,350 - INFO - New signals data  stored to file "signals/2024-03-10.txt".
2024-03-10 10:40:06,350 - INFO - **************************************************************************************
