2024-03-05 13:16:55,309 - INFO - Gathering history candles data...
2024-03-05 13:17:11,923 - INFO - TRBUSDT: CLOSE: 116.367 < 119.66 < 124.914 VOL: 1182006.5 < 1373084.1 < 1380431.7 => LONG
2024-03-05 13:17:16,082 - INFO - LUNA2USDT: CLOSE: 0.8223 < 0.8341 < 0.8664 VOL: 55689506.0 < 77860996.0 < 134136251.0 => LONG

2024-03-05 13:17:17,047 - INFO - CELOUSDT: CLOSE: 1.074 < 1.151 < 1.224 VOL: 57803666.3 < 62368768.2 < 71492818.7 => LONG






2024-03-05 13:17:18,414 - INFO - IOTXUSDT: CLOSE: 0.05986 < 0.06151 < 0.06288 VOL: 378880755.0 < 439338005.0 < 478667567.0 => LONG
2024-03-05 13:17:21,681 - INFO - C98USDT: CLOSE: 0.3885 < 0.4021 < 0.4192 VOL: 73508427.0 < 99959335.0 < 112632544.0 => LONG
2024-03-05 13:17:26,465 - INFO - LINAUSDT: CLOSE: 0.01259 < 0.0133 < 0.01358 VOL: 3582918871.0 < 3701926420.0 < 5494143120.0 => LONG
2024-03-05 13:17:27,335 - INFO - SPELLUSDT: CLOSE: 0.0014936 < 0.0015206 < 0.0016 VOL: 77860707243.0 < 91361889894.0 < 206413514849.0 => LONG
2024-03-05 13:17:27,441 - INFO - FETUSDT: CLOSE: 1.7281 < 1.774 < 1.8051 VOL: 163481564.0 < 176102129.0 < 200704818.0 => LONG
2024-03-05 13:17:29,085 - INFO - BIGTIMEUSDT: CLOSE: 0.4673 < 0.486 < 0.5092 VOL: 360857643.0 < 425139712.0 < 523042654.0 => LONG
2024-03-05 13:17:33,036 - INFO - IDUSDT: CLOSE: 0.6444 < 0.6544 < 0.6655 VOL: 99250496.0 < 138423535.0 < 189647909.0 => LONG
2024-03-05 13:17:33,282 - INFO - YGGUSDT: CLOSE: 0.661 < 0.6932 < 0.7272 VOL: 67437850.0 < 81947960.0 < 96522333.0 => LONG
2024-03-05 13:17:34,923 - INFO - DODOXUSDT: CLOSE: 0.242704 < 0.24886 < 0.259479 VOL: 36895688.0 < 57359735.0 < 64857446.0 => LONG
2024-03-05 13:17:35,503 - INFO - BICOUSDT: CLOSE: 0.5015 < 0.5222 < 0.5435 VOL: 42097595.0 < 48588013.0 < 158193882.0 => LONG
2024-03-05 13:17:39,963 - INFO - ASTRUSDT: CLOSE: 0.1609 < 0.16485 < 0.17034 VOL: 227188009.0 < 230978037.0 < 283944343.0 => LONG
2024-03-05 13:17:41,369 - INFO - CYBERUSDT: CLOSE: 9.614 < 9.939 < 10.253 VOL: 5058381.4 < 5707403.4 < 6039066.7 => LONG
2024-03-05 13:17:41,601 - INFO - AGIXUSDT: CLOSE: 0.8838 < 0.9201 < 0.952 VOL: 283965593.0 < 351053517.0 < 427263253.0 => LONG
2024-03-05 13:17:43,496 - INFO - MAVIAUSDT: CLOSE: 5.7204 < 6.0002 < 6.2023 VOL: 5138568.4 < 6437588.6 < 7179155.7 => LONG
2024-03-05 13:17:56,483 - INFO - New signals data  stored to file "signals/2024-03-05.txt".
2024-03-05 13:17:56,483 - INFO - **************************************************************************************
2024-03-05 23:00:59,259 - INFO - Gathering history candles data...
2024-03-05 23:01:18,449 - INFO - TRBUSDT: CLOSE: 116.367 < 119.66 < 124.914 VOL: 1182006.5 < 1373084.1 < 1380431.7 => LONG
2024-03-05 23:01:24,443 - INFO - LUNA2USDT: CLOSE: 0.8223 < 0.8341 < 0.8664 VOL: 55689506.0 < 77860996.0 < 134136251.0 => LONG
2024-03-05 23:01:25,526 - INFO - CELOUSDT: CLOSE: 1.074 < 1.151 < 1.224 VOL: 57803666.3 < 62368768.2 < 71492818.7 => LONG
2024-03-05 23:01:26,431 - INFO - IOTXUSDT: CLOSE: 0.05986 < 0.06151 < 0.06288 VOL: 378880755.0 < 439338005.0 < 478667567.0 => LONG
2024-03-05 23:01:29,707 - INFO - C98USDT: CLOSE: 0.3885 < 0.4021 < 0.4192 VOL: 73508427.0 < 99959335.0 < 112632544.0 => LONG
2024-03-05 23:01:32,031 - INFO - LINAUSDT: CLOSE: 0.01259 < 0.0133 < 0.01358 VOL: 3582918871.0 < 3701926420.0 < 5494143120.0 => LONG
2024-03-05 23:01:35,754 - INFO - SPELLUSDT: CLOSE: 0.0014936 < 0.0015206 < 0.0016 VOL: 77860707243.0 < 91361889894.0 < 206413514849.0 => LONG
2024-03-05 23:01:36,003 - INFO - FETUSDT: CLOSE: 1.7281 < 1.774 < 1.8051 VOL: 163481564.0 < 176102129.0 < 200704818.0 => LONG
2024-03-05 23:01:38,052 - INFO - BIGTIMEUSDT: CLOSE: 0.4673 < 0.486 < 0.5092 VOL: 360857643.0 < 425139712.0 < 523042654.0 => LONG
2024-03-05 23:01:40,090 - INFO - IDUSDT: CLOSE: 0.6444 < 0.6544 < 0.6655 VOL: 99250496.0 < 138423535.0 < 189647909.0 => LONG
2024-03-05 23:01:42,496 - INFO - YGGUSDT: CLOSE: 0.661 < 0.6932 < 0.7272 VOL: 67437850.0 < 81947960.0 < 96522333.0 => LONG
2024-03-05 23:01:44,123 - INFO - DODOXUSDT: CLOSE: 0.242704 < 0.24886 < 0.259479 VOL: 36895688.0 < 57359735.0 < 64857446.0 => LONG
2024-03-05 23:01:44,253 - INFO - BICOUSDT: CLOSE: 0.5015 < 0.5222 < 0.5435 VOL: 42097595.0 < 48588013.0 < 158193882.0 => LONG
2024-03-05 23:01:45,676 - INFO - ASTRUSDT: CLOSE: 0.1609 < 0.16485 < 0.17034 VOL: 227188009.0 < 230978037.0 < 283944343.0 => LONG
2024-03-05 23:01:47,299 - INFO - AGIXUSDT: CLOSE: 0.8838 < 0.9201 < 0.952 VOL: 283965593.0 < 351053517.0 < 427263253.0 => LONG
2024-03-05 23:01:50,620 - INFO - CYBERUSDT: CLOSE: 9.614 < 9.939 < 10.253 VOL: 5058381.4 < 5707403.4 < 6039066.7 => LONG
2024-03-05 23:01:52,248 - INFO - MAVIAUSDT: CLOSE: 5.7204 < 6.0002 < 6.2023 VOL: 5138568.4 < 6437588.6 < 7179155.7 => LONG
2024-03-05 23:02:05,006 - INFO - New signals data  stored to file "signals/2024-03-05.txt".
2024-03-05 23:02:05,006 - INFO - **************************************************************************************
